TN:
SF:src\components\BarcodeScanner.tsx
FN:90,BarcodeScanner
FN:104,(anonymous_1)
FN:106,(anonymous_2)
FN:109,(anonymous_3)
FN:114,(anonymous_4)
FN:131,(anonymous_5)
FN:136,(anonymous_6)
FN:142,(anonymous_7)
FN:149,(anonymous_8)
FN:154,(anonymous_9)
FN:159,(anonymous_10)
FN:164,(anonymous_11)
FN:209,(anonymous_12)
FN:270,(anonymous_13)
FN:285,(anonymous_14)
FN:291,(anonymous_15)
FNF:16
FNH:0
FNDA:0,BarcodeScanner
FNDA:0,(anonymous_1)
FNDA:0,(anonymous_2)
FNDA:0,(anonymous_3)
FNDA:0,(anonymous_4)
FNDA:0,(anonymous_5)
FNDA:0,(anonymous_6)
FNDA:0,(anonymous_7)
FNDA:0,(anonymous_8)
FNDA:0,(anonymous_9)
FNDA:0,(anonymous_10)
FNDA:0,(anonymous_11)
FNDA:0,(anonymous_12)
FNDA:0,(anonymous_13)
FNDA:0,(anonymous_14)
FNDA:0,(anonymous_15)
DA:58,0
DA:74,0
DA:97,0
DA:98,0
DA:99,0
DA:100,0
DA:101,0
DA:104,0
DA:105,0
DA:106,0
DA:107,0
DA:109,0
DA:113,0
DA:115,0
DA:117,0
DA:120,0
DA:122,0
DA:129,0
DA:130,0
DA:131,0
DA:136,0
DA:137,0
DA:138,0
DA:142,0
DA:143,0
DA:144,0
DA:145,0
DA:149,0
DA:150,0
DA:151,0
DA:154,0
DA:155,0
DA:156,0
DA:159,0
DA:160,0
DA:161,0
DA:164,0
DA:184,0
DA:209,0
DA:270,0
DA:285,0
DA:291,0
DA:301,0
LF:43
LH:0
BRDA:93,0,0,0
BRDA:94,1,0,0
BRDA:95,2,0,0
BRDA:105,3,0,0
BRDA:105,3,1,0
BRDA:115,4,0,0
BRDA:115,4,1,0
BRDA:137,5,0,0
BRDA:137,5,1,0
BRDA:143,6,0,0
BRDA:143,6,1,0
BRDA:168,7,0,0
BRDA:168,7,1,0
BRDA:194,8,0,0
BRDA:194,8,1,0
BRDA:208,9,0,0
BRDA:208,9,1,0
BRDA:211,10,0,0
BRDA:211,10,1,0
BRDA:224,11,0,0
BRDA:224,11,1,0
BRDA:229,12,0,0
BRDA:229,12,1,0
BRDA:233,13,0,0
BRDA:233,13,1,0
BRDA:267,14,0,0
BRDA:267,14,1,0
BRDA:281,15,0,0
BRDA:281,15,1,0
BRF:29
BRH:0
end_of_record
TN:
SF:src\components\CameraCapture.tsx
FN:80,CameraCapture
FN:104,(anonymous_1)
FN:108,(anonymous_2)
FN:122,(anonymous_3)
FN:126,(anonymous_4)
FN:132,(anonymous_5)
FN:150,(anonymous_6)
FN:169,(anonymous_7)
FN:181,(anonymous_8)
FN:185,(anonymous_9)
FN:187,(anonymous_10)
FN:192,(anonymous_11)
FN:193,(anonymous_12)
FN:196,(anonymous_13)
FN:209,(anonymous_14)
FN:289,(anonymous_15)
FN:303,(anonymous_16)
FN:310,(anonymous_17)
FN:329,(anonymous_18)
FN:336,(anonymous_19)
FN:352,(anonymous_20)
FN:376,(anonymous_21)
FN:382,(anonymous_22)
FN:388,(anonymous_23)
FN:389,(anonymous_24)
FN:395,(anonymous_25)
FNF:26
FNH:0
FNDA:0,CameraCapture
FNDA:0,(anonymous_1)
FNDA:0,(anonymous_2)
FNDA:0,(anonymous_3)
FNDA:0,(anonymous_4)
FNDA:0,(anonymous_5)
FNDA:0,(anonymous_6)
FNDA:0,(anonymous_7)
FNDA:0,(anonymous_8)
FNDA:0,(anonymous_9)
FNDA:0,(anonymous_10)
FNDA:0,(anonymous_11)
FNDA:0,(anonymous_12)
FNDA:0,(anonymous_13)
FNDA:0,(anonymous_14)
FNDA:0,(anonymous_15)
FNDA:0,(anonymous_16)
FNDA:0,(anonymous_17)
FNDA:0,(anonymous_18)
FNDA:0,(anonymous_19)
FNDA:0,(anonymous_20)
FNDA:0,(anonymous_21)
FNDA:0,(anonymous_22)
FNDA:0,(anonymous_23)
FNDA:0,(anonymous_24)
FNDA:0,(anonymous_25)
DA:33,0
DA:51,0
DA:58,0
DA:64,0
DA:89,0
DA:90,0
DA:91,0
DA:92,0
DA:93,0
DA:94,0
DA:95,0
DA:96,0
DA:97,0
DA:98,0
DA:99,0
DA:100,0
DA:101,0
DA:104,0
DA:105,0
DA:108,0
DA:109,0
DA:110,0
DA:113,0
DA:115,0
DA:116,0
DA:117,0
DA:122,0
DA:123,0
DA:126,0
DA:127,0
DA:128,0
DA:132,0
DA:133,0
DA:135,0
DA:136,0
DA:139,0
DA:140,0
DA:146,0
DA:148,0
DA:150,0
DA:154,0
DA:155,0
DA:164,0
DA:165,0
DA:166,0
DA:169,0
DA:170,0
DA:171,0
DA:174,0
DA:177,0
DA:178,0
DA:180,0
DA:181,0
DA:185,0
DA:186,0
DA:187,0
DA:188,0
DA:189,0
DA:192,0
DA:193,0
DA:196,0
DA:197,0
DA:199,0
DA:201,0
DA:203,0
DA:205,0
DA:209,0
DA:210,0
DA:212,0
DA:214,0
DA:216,0
DA:220,0
DA:289,0
DA:304,0
DA:311,0
DA:330,0
DA:336,0
DA:352,0
DA:376,0
DA:382,0
DA:388,0
DA:390,0
DA:396,0
DA:397,0
DA:421,0
LF:85
LH:0
BRDA:84,0,0,0
BRDA:94,1,0,0
BRDA:94,1,1,0
BRDA:116,2,0,0
BRDA:116,2,1,0
BRDA:133,3,0,0
BRDA:133,3,1,0
BRDA:133,4,0,0
BRDA:133,4,1,0
BRDA:139,5,0,0
BRDA:139,5,1,0
BRDA:139,6,0,0
BRDA:139,6,1,0
BRDA:146,7,0,0
BRDA:146,7,1,0
BRDA:146,8,0,0
BRDA:146,8,1,0
BRDA:160,9,0,0
BRDA:160,9,1,0
BRDA:161,10,0,0
BRDA:161,10,1,0
BRDA:164,11,0,0
BRDA:164,11,1,0
BRDA:164,12,0,0
BRDA:164,12,1,0
BRDA:165,13,0,0
BRDA:165,13,1,0
BRDA:165,14,0,0
BRDA:165,14,1,0
BRDA:170,15,0,0
BRDA:170,15,1,0
BRDA:174,16,0,0
BRDA:174,16,1,0
BRDA:186,17,0,0
BRDA:186,17,1,0
BRDA:188,18,0,0
BRDA:188,18,1,0
BRDA:193,19,0,0
BRDA:193,19,1,0
BRDA:193,20,0,0
BRDA:193,20,1,0
BRDA:197,21,0,0
BRDA:197,21,1,0
BRDA:197,21,2,0
BRDA:197,21,3,0
BRDA:210,22,0,0
BRDA:210,22,1,0
BRDA:210,22,2,0
BRDA:237,23,0,0
BRDA:237,23,1,0
BRDA:239,24,0,0
BRDA:239,24,1,0
BRDA:258,25,0,0
BRDA:258,25,1,0
BRDA:270,26,0,0
BRDA:270,26,1,0
BRDA:277,27,0,0
BRDA:277,27,1,0
BRDA:286,28,0,0
BRDA:286,28,1,0
BRDA:308,29,0,0
BRDA:308,29,1,0
BRDA:311,30,0,0
BRDA:311,30,1,0
BRDA:317,31,0,0
BRDA:317,31,1,0
BRDA:334,32,0,0
BRDA:334,32,1,0
BRDA:341,33,0,0
BRDA:341,33,1,0
BRDA:360,34,0,0
BRDA:360,34,1,0
BRDA:388,35,0,0
BRDA:388,35,1,0
BRDA:393,36,0,0
BRDA:393,36,1,0
BRDA:403,37,0,0
BRDA:403,37,1,0
BRDA:406,38,0,0
BRDA:406,38,1,0
BRF:80
BRH:0
end_of_record
TN:
SF:src\components\ChipSelector.tsx
FN:29,ChipSelector
FN:47,(anonymous_1)
FN:64,(anonymous_2)
FNF:3
FNH:0
FNDA:0,ChipSelector
FNDA:0,(anonymous_1)
FNDA:0,(anonymous_2)
DA:36,0
DA:48,0
DA:49,0
DA:52,0
DA:53,0
DA:57,0
DA:64,0
DA:78,0
LF:8
LH:0
BRDA:40,0,0,0
BRDA:40,0,1,0
BRDA:49,1,0,0
BRDA:49,1,1,0
BRDA:50,2,0,0
BRDA:50,2,1,0
BRDA:52,3,0,0
BRDA:52,3,1,0
BRDA:53,4,0,0
BRDA:53,4,1,0
BRDA:54,5,0,0
BRDA:54,5,1,0
BRF:12
BRH:0
end_of_record
TN:
SF:src\components\ConflictModal.tsx
FN:34,ConflictModal
FN:59,(anonymous_1)
FN:74,(anonymous_2)
FN:81,(anonymous_3)
FN:102,formatDate
FNF:5
FNH:0
FNDA:0,ConflictModal
FNDA:0,(anonymous_1)
FNDA:0,(anonymous_2)
FNDA:0,(anonymous_3)
FNDA:0,formatDate
DA:40,0
DA:42,0
DA:60,0
DA:74,0
DA:81,0
DA:103,0
DA:104,0
DA:105,0
DA:106,0
DA:107,0
DA:109,0
DA:110,0
DA:111,0
DA:112,0
DA:114,0
DA:118,0
LF:16
LH:0
BRDA:40,0,0,0
BRDA:40,0,1,0
BRDA:53,1,0,0
BRDA:53,1,1,0
BRDA:62,2,0,0
BRDA:62,2,1,0
BRDA:109,3,0,0
BRDA:109,3,1,0
BRDA:110,4,0,0
BRDA:110,4,1,0
BRDA:111,5,0,0
BRDA:111,5,1,0
BRF:12
BRH:0
end_of_record
TN:
SF:src\components\ConflictResolutionModal.tsx
FN:39,formatDateTime
FN:51,formatEntityType
FN:73,ConflictCard
FN:116,(anonymous_3)
FN:136,(anonymous_4)
FN:159,ConflictResolutionModal
FN:169,(anonymous_6)
FN:175,(anonymous_7)
FN:176,(anonymous_8)
FN:179,(anonymous_9)
FN:180,(anonymous_10)
FN:187,(anonymous_11)
FN:221,(anonymous_12)
FN:227,(anonymous_13)
FNF:14
FNH:0
FNDA:0,formatDateTime
FNDA:0,formatEntityType
FNDA:0,ConflictCard
FNDA:0,(anonymous_3)
FNDA:0,(anonymous_4)
FNDA:0,ConflictResolutionModal
FNDA:0,(anonymous_6)
FNDA:0,(anonymous_7)
FNDA:0,(anonymous_8)
FNDA:0,(anonymous_9)
FNDA:0,(anonymous_10)
FNDA:0,(anonymous_11)
FNDA:0,(anonymous_12)
FNDA:0,(anonymous_13)
DA:40,0
DA:41,0
DA:42,0
DA:47,0
DA:52,0
DA:59,0
DA:74,0
DA:116,0
DA:136,0
DA:166,0
DA:169,0
DA:170,0
DA:171,0
DA:175,0
DA:176,0
DA:179,0
DA:180,0
DA:184,0
DA:187,0
DA:188,0
DA:190,0
DA:191,0
DA:194,0
DA:222,0
DA:227,0
DA:265,0
LF:26
LH:0
BRDA:59,0,0,0
BRDA:59,0,1,0
BRDA:114,1,0,0
BRDA:114,1,1,0
BRDA:124,2,0,0
BRDA:124,2,1,0
BRDA:134,3,0,0
BRDA:134,3,1,0
BRDA:144,4,0,0
BRDA:144,4,1,0
BRDA:170,5,0,0
BRDA:170,5,1,0
BRDA:182,6,0,0
BRDA:182,6,1,0
BRDA:190,7,0,0
BRDA:190,7,1,0
BRDA:210,8,0,0
BRDA:210,8,1,0
BRDA:244,9,0,0
BRDA:244,9,1,0
BRDA:248,10,0,0
BRDA:248,10,1,0
BRDA:252,11,0,0
BRDA:252,11,1,0
BRDA:272,12,0,0
BRDA:272,12,1,0
BRDA:272,13,0,0
BRDA:272,13,1,0
BRDA:347,14,0,0
BRDA:347,14,1,0
BRDA:439,15,0,0
BRDA:439,15,1,0
BRF:32
BRH:0
end_of_record
TN:
SF:src\components\ErrorBoundary.tsx
FN:33,(anonymous_0)
FN:42,(anonymous_1)
FN:46,(anonymous_2)
FN:60,(anonymous_3)
FN:68,(anonymous_4)
FN:134,(anonymous_5)
FN:143,(anonymous_6)
FN:147,(anonymous_7)
FN:156,(anonymous_8)
FN:164,(anonymous_9)
FNF:10
FNH:0
FNDA:0,(anonymous_0)
FNDA:0,(anonymous_1)
FNDA:0,(anonymous_2)
FNDA:0,(anonymous_3)
FNDA:0,(anonymous_4)
FNDA:0,(anonymous_5)
FNDA:0,(anonymous_6)
FNDA:0,(anonymous_7)
FNDA:0,(anonymous_8)
FNDA:0,(anonymous_9)
DA:34,0
DA:35,0
DA:43,0
DA:47,0
DA:50,0
DA:55,0
DA:56,0
DA:60,0
DA:61,0
DA:69,0
DA:71,0
DA:72,0
DA:76,0
DA:116,0
DA:135,0
DA:136,0
DA:144,0
DA:148,0
DA:150,0
DA:156,0
DA:157,0
DA:165,0
DA:166,0
DA:196,0
DA:204,0
LF:25
LH:0
BRDA:55,0,0,0
BRDA:55,0,1,0
BRDA:69,1,0,0
BRDA:69,1,1,0
BRDA:71,2,0,0
BRDA:71,2,1,0
BRDA:96,3,0,0
BRDA:96,3,1,0
BRDA:96,3,2,0
BRDA:96,3,3,0
BRDA:100,4,0,0
BRDA:100,4,1,0
BRDA:103,5,0,0
BRDA:103,5,1,0
BRDA:150,6,0,0
BRDA:150,6,1,0
BRDA:165,7,0,0
BRDA:165,7,1,0
BRDA:172,8,0,0
BRDA:172,8,1,0
BRDA:186,9,0,0
BRDA:186,9,1,0
BRDA:186,9,2,0
BRF:23
BRH:0
end_of_record
TN:
SF:src\components\FormSection.tsx
FN:14,FormSection
FNF:1
FNH:0
FNDA:0,FormSection
DA:15,0
DA:23,0
LF:2
LH:0
BRF:0
BRH:0
end_of_record
TN:
SF:src\components\MeasurementTool.tsx
FN:87,generateId
FN:91,calculateDistance
FN:95,calculatePolygonArea
FN:106,calculatePolygonPerimeter
FN:116,formatMeasurement
FN:133,MeasurementTool
FN:165,(anonymous_6)
FN:166,(anonymous_7)
FN:167,(anonymous_8)
FN:168,(anonymous_9)
FN:171,(anonymous_10)
FN:172,(anonymous_11)
FN:180,(anonymous_12)
FN:185,(anonymous_13)
FN:192,(anonymous_14)
FN:205,(anonymous_15)
FN:232,(anonymous_16)
FN:289,(anonymous_17)
FN:329,(anonymous_18)
FN:349,(anonymous_19)
FN:378,(anonymous_20)
FN:384,(anonymous_21)
FN:393,(anonymous_22)
FN:403,(anonymous_23)
FN:421,(anonymous_24)
FN:502,(anonymous_25)
FN:504,(anonymous_26)
FN:517,(anonymous_27)
FN:530,(anonymous_28)
FN:572,(anonymous_29)
FN:596,(anonymous_30)
FN:645,(anonymous_31)
FN:665,(anonymous_32)
FN:675,(anonymous_33)
FN:685,(anonymous_34)
FN:710,(anonymous_35)
FN:711,(anonymous_36)
FN:762,(anonymous_37)
FN:796,(anonymous_38)
FNF:39
FNH:0
FNDA:0,generateId
FNDA:0,calculateDistance
FNDA:0,calculatePolygonArea
FNDA:0,calculatePolygonPerimeter
FNDA:0,formatMeasurement
FNDA:0,MeasurementTool
FNDA:0,(anonymous_6)
FNDA:0,(anonymous_7)
FNDA:0,(anonymous_8)
FNDA:0,(anonymous_9)
FNDA:0,(anonymous_10)
FNDA:0,(anonymous_11)
FNDA:0,(anonymous_12)
FNDA:0,(anonymous_13)
FNDA:0,(anonymous_14)
FNDA:0,(anonymous_15)
FNDA:0,(anonymous_16)
FNDA:0,(anonymous_17)
FNDA:0,(anonymous_18)
FNDA:0,(anonymous_19)
FNDA:0,(anonymous_20)
FNDA:0,(anonymous_21)
FNDA:0,(anonymous_22)
FNDA:0,(anonymous_23)
FNDA:0,(anonymous_24)
FNDA:0,(anonymous_25)
FNDA:0,(anonymous_26)
FNDA:0,(anonymous_27)
FNDA:0,(anonymous_28)
FNDA:0,(anonymous_29)
FNDA:0,(anonymous_30)
FNDA:0,(anonymous_31)
FNDA:0,(anonymous_32)
FNDA:0,(anonymous_33)
FNDA:0,(anonymous_34)
FNDA:0,(anonymous_35)
FNDA:0,(anonymous_36)
FNDA:0,(anonymous_37)
FNDA:0,(anonymous_38)
DA:88,0
DA:92,0
DA:96,0
DA:97,0
DA:98,0
DA:99,0
DA:100,0
DA:101,0
DA:103,0
DA:107,0
DA:108,0
DA:109,0
DA:110,0
DA:111,0
DA:113,0
DA:117,0
DA:118,0
DA:119,0
DA:121,0
DA:122,0
DA:124,0
DA:131,0
DA:140,0
DA:142,0
DA:143,0
DA:144,0
DA:145,0
DA:146,0
DA:147,0
DA:148,0
DA:149,0
DA:152,0
DA:153,0
DA:156,0
DA:157,0
DA:160,0
DA:161,0
DA:162,0
DA:163,0
DA:165,0
DA:166,0
DA:167,0
DA:168,0
DA:171,0
DA:172,0
DA:173,0
DA:174,0
DA:175,0
DA:176,0
DA:180,0
DA:181,0
DA:182,0
DA:185,0
DA:186,0
DA:192,0
DA:193,0
DA:194,0
DA:196,0
DA:197,0
DA:198,0
DA:201,0
DA:202,0
DA:205,0
DA:206,0
DA:207,0
DA:209,0
DA:210,0
DA:211,0
DA:214,0
DA:216,0
DA:217,0
DA:219,0
DA:221,0
DA:222,0
DA:224,0
DA:226,0
DA:227,0
DA:232,0
DA:233,0
DA:234,0
DA:235,0
DA:236,0
DA:238,0
DA:240,0
DA:243,0
DA:245,0
DA:246,0
DA:248,0
DA:249,0
DA:250,0
DA:251,0
DA:259,0
DA:261,0
DA:262,0
DA:263,0
DA:264,0
DA:265,0
DA:266,0
DA:267,0
DA:280,0
DA:282,0
DA:283,0
DA:284,0
DA:289,0
DA:290,0
DA:292,0
DA:293,0
DA:295,0
DA:296,0
DA:297,0
DA:300,0
DA:301,0
DA:303,0
DA:305,0
DA:306,0
DA:308,0
DA:319,0
DA:320,0
DA:321,0
DA:324,0
DA:329,0
DA:330,0
DA:331,0
DA:332,0
DA:333,0
DA:336,0
DA:338,0
DA:339,0
DA:341,0
DA:346,0
DA:349,0
DA:350,0
DA:351,0
DA:352,0
DA:353,0
DA:354,0
DA:355,0
DA:361,0
DA:362,0
DA:368,0
DA:371,0
DA:372,0
DA:373,0
DA:374,0
DA:375,0
DA:378,0
DA:379,0
DA:380,0
DA:384,0
DA:385,0
DA:394,0
DA:395,0
DA:396,0
DA:403,0
DA:404,0
DA:406,0
DA:407,0
DA:411,0
DA:413,0
DA:416,0
DA:417,0
DA:421,0
DA:422,0
DA:423,0
DA:425,0
DA:426,0
DA:427,0
DA:428,0
DA:430,0
DA:462,0
DA:463,0
DA:464,0
DA:465,0
DA:466,0
DA:467,0
DA:468,0
DA:469,0
DA:470,0
DA:471,0
DA:473,0
DA:501,0
DA:502,0
DA:503,0
DA:504,0
DA:507,0
DA:509,0
DA:518,0
DA:527,0
DA:530,0
DA:531,0
DA:533,0
DA:534,0
DA:536,0
DA:537,0
DA:552,0
DA:553,0
DA:554,0
DA:555,0
DA:556,0
DA:557,0
DA:569,0
DA:570,0
DA:573,0
DA:593,0
DA:596,0
DA:597,0
DA:598,0
DA:614,0
DA:646,0
DA:647,0
DA:648,0
DA:649,0
DA:650,0
DA:666,0
DA:667,0
DA:668,0
DA:676,0
DA:677,0
DA:678,0
DA:686,0
DA:687,0
DA:688,0
DA:710,0
DA:711,0
DA:763,0
DA:764,0
DA:797,0
DA:798,0
DA:799,0
DA:800,0
DA:819,0
LF:231
LH:0
BRDA:96,0,0,0
BRDA:96,0,1,0
BRDA:107,1,0,0
BRDA:107,1,1,0
BRDA:117,2,0,0
BRDA:117,2,1,0
BRDA:118,3,0,0
BRDA:118,3,1,0
BRDA:118,4,0,0
BRDA:118,4,1,0
BRDA:121,5,0,0
BRDA:121,5,1,0
BRDA:121,6,0,0
BRDA:121,6,1,0
BRDA:135,7,0,0
BRDA:136,8,0,0
BRDA:196,9,0,0
BRDA:196,9,1,0
BRDA:209,10,0,0
BRDA:209,10,1,0
BRDA:209,11,0,0
BRDA:209,11,1,0
BRDA:214,12,0,0
BRDA:214,12,1,0
BRDA:219,13,0,0
BRDA:219,13,1,0
BRDA:219,14,0,0
BRDA:219,14,1,0
BRDA:221,15,0,0
BRDA:221,15,1,0
BRDA:224,16,0,0
BRDA:224,16,1,0
BRDA:226,17,0,0
BRDA:226,17,1,0
BRDA:233,18,0,0
BRDA:233,18,1,0
BRDA:233,19,0,0
BRDA:233,19,1,0
BRDA:235,20,0,0
BRDA:235,20,1,0
BRDA:243,21,0,0
BRDA:243,21,1,0
BRDA:248,22,0,0
BRDA:248,22,1,0
BRDA:248,23,0,0
BRDA:248,23,1,0
BRDA:250,24,0,0
BRDA:250,24,1,0
BRDA:257,25,0,0
BRDA:257,25,1,0
BRDA:263,26,0,0
BRDA:263,26,1,0
BRDA:263,27,0,0
BRDA:263,27,1,0
BRDA:266,28,0,0
BRDA:266,28,1,0
BRDA:266,29,0,0
BRDA:266,29,1,0
BRDA:274,30,0,0
BRDA:274,30,1,0
BRDA:275,31,0,0
BRDA:275,31,1,0
BRDA:276,32,0,0
BRDA:276,32,1,0
BRDA:284,33,0,0
BRDA:284,33,1,0
BRDA:290,34,0,0
BRDA:290,34,1,0
BRDA:295,35,0,0
BRDA:295,35,1,0
BRDA:303,36,0,0
BRDA:303,36,1,0
BRDA:303,37,0,0
BRDA:303,37,1,0
BRDA:314,38,0,0
BRDA:314,38,1,0
BRDA:315,39,0,0
BRDA:315,39,1,0
BRDA:331,40,0,0
BRDA:331,40,1,0
BRDA:331,41,0,0
BRDA:331,41,1,0
BRDA:336,42,0,0
BRDA:336,42,1,0
BRDA:343,43,0,0
BRDA:343,43,1,0
BRDA:350,44,0,0
BRDA:350,44,1,0
BRDA:352,45,0,0
BRDA:352,45,1,0
BRDA:361,46,0,0
BRDA:361,46,1,0
BRDA:379,47,0,0
BRDA:379,47,1,0
BRDA:406,48,0,0
BRDA:406,48,1,0
BRDA:425,49,0,0
BRDA:425,49,1,0
BRDA:462,50,0,0
BRDA:462,50,1,0
BRDA:501,51,0,0
BRDA:501,51,1,0
BRDA:531,52,0,0
BRDA:531,52,1,0
BRDA:536,53,0,0
BRDA:536,53,1,0
BRDA:536,54,0,0
BRDA:536,54,1,0
BRDA:552,55,0,0
BRDA:552,55,1,0
BRDA:552,56,0,0
BRDA:552,56,1,0
BRDA:569,57,0,0
BRDA:569,57,1,0
BRDA:569,58,0,0
BRDA:569,58,1,0
BRDA:574,59,0,0
BRDA:574,59,1,0
BRDA:584,60,0,0
BRDA:584,60,1,0
BRDA:587,61,0,0
BRDA:587,61,1,0
BRDA:597,62,0,0
BRDA:597,62,1,0
BRDA:631,63,0,0
BRDA:631,63,1,0
BRDA:644,64,0,0
BRDA:644,64,1,0
BRDA:648,65,0,0
BRDA:648,65,1,0
BRDA:655,66,0,0
BRDA:655,66,1,0
BRDA:661,67,0,0
BRDA:661,67,1,0
BRDA:664,68,0,0
BRDA:664,68,1,0
BRDA:674,69,0,0
BRDA:674,69,1,0
BRDA:684,70,0,0
BRDA:684,70,1,0
BRDA:712,71,0,0
BRDA:712,71,1,0
BRDA:724,72,0,0
BRDA:724,72,1,0
BRDA:737,73,0,0
BRDA:737,73,1,0
BRDA:745,74,0,0
BRDA:745,74,1,0
BRDA:749,75,0,0
BRDA:749,75,1,0
BRF:150
BRH:0
end_of_record
TN:
SF:src\components\OfflineIndicator.tsx
FN:16,OfflineIndicator
FN:20,(anonymous_1)
FNF:2
FNH:0
FNDA:0,OfflineIndicator
FNDA:0,(anonymous_1)
DA:14,0
DA:17,0
DA:18,0
DA:20,0
DA:21,0
DA:29,0
DA:48,0
LF:7
LH:0
BRDA:22,0,0,0
BRDA:22,0,1,0
BRF:2
BRH:0
end_of_record
TN:
SF:src\components\PermissionGate.tsx
FN:29,PermissionGate
FN:40,(anonymous_1)
FN:41,(anonymous_2)
FN:48,(anonymous_3)
FN:134,PermissionItem
FNF:5
FNH:0
FNDA:0,PermissionGate
FNDA:0,(anonymous_1)
FNDA:0,(anonymous_2)
FNDA:0,(anonymous_3)
FNDA:0,PermissionItem
DA:37,0
DA:40,0
DA:41,0
DA:42,0
DA:43,0
DA:47,0
DA:48,0
DA:49,0
DA:53,0
DA:54,0
DA:62,0
DA:63,0
DA:67,0
DA:69,0
DA:135,0
DA:141,0
DA:147,0
DA:160,0
LF:18
LH:0
BRDA:42,0,0,0
BRDA:42,0,1,0
BRDA:53,1,0,0
BRDA:53,1,1,0
BRDA:62,2,0,0
BRDA:62,2,1,0
BRDA:67,3,0,0
BRDA:67,3,1,0
BRDA:90,4,0,0
BRDA:90,4,1,0
BRDA:90,4,2,0
BRDA:100,5,0,0
BRDA:100,5,1,0
BRDA:118,6,0,0
BRDA:118,6,1,0
BRF:15
BRH:0
end_of_record
TN:
SF:src\components\PhotoAnnotationFlow.tsx
FN:48,PhotoAnnotationFlow
FN:64,(anonymous_1)
FN:65,loadExisting
FN:92,(anonymous_3)
FN:93,(anonymous_4)
FN:101,(anonymous_5)
FN:106,(anonymous_6)
FN:111,(anonymous_7)
FN:118,(anonymous_8)
FN:134,(anonymous_9)
FN:146,(anonymous_10)
FN:150,(anonymous_11)
FN:163,(anonymous_12)
FN:176,(anonymous_13)
FN:242,(anonymous_14)
FN:252,(anonymous_15)
FN:263,(anonymous_16)
FN:276,(anonymous_17)
FNF:18
FNH:0
FNDA:0,PhotoAnnotationFlow
FNDA:0,(anonymous_1)
FNDA:0,loadExisting
FNDA:0,(anonymous_3)
FNDA:0,(anonymous_4)
FNDA:0,(anonymous_5)
FNDA:0,(anonymous_6)
FNDA:0,(anonymous_7)
FNDA:0,(anonymous_8)
FNDA:0,(anonymous_9)
FNDA:0,(anonymous_10)
FNDA:0,(anonymous_11)
FNDA:0,(anonymous_12)
FNDA:0,(anonymous_13)
FNDA:0,(anonymous_14)
FNDA:0,(anonymous_15)
FNDA:0,(anonymous_16)
FNDA:0,(anonymous_17)
DA:54,0
DA:55,0
DA:58,0
DA:59,0
DA:61,0
DA:64,0
DA:66,0
DA:68,0
DA:69,0
DA:70,0
DA:71,0
DA:72,0
DA:74,0
DA:77,0
DA:78,0
DA:80,0
DA:84,0
DA:85,0
DA:86,0
DA:87,0
DA:92,0
DA:93,0
DA:94,0
DA:95,0
DA:101,0
DA:102,0
DA:106,0
DA:107,0
DA:111,0
DA:113,0
DA:117,0
DA:119,0
DA:120,0
DA:122,0
DA:123,0
DA:125,0
DA:126,0
DA:129,0
DA:130,0
DA:134,0
DA:135,0
DA:138,0
DA:139,0
DA:146,0
DA:150,0
DA:156,0
DA:158,0
DA:159,0
DA:160,0
DA:163,0
DA:172,0
DA:173,0
DA:176,0
DA:177,0
DA:242,0
DA:243,0
DA:252,0
DA:253,0
DA:263,0
DA:264,0
DA:276,0
DA:277,0
DA:279,0
DA:281,0
DA:283,0
DA:285,0
DA:287,0
DA:291,0
DA:307,0
LF:69
LH:0
BRDA:66,0,0,0
BRDA:66,0,1,0
BRDA:71,1,0,0
BRDA:71,1,1,0
BRDA:84,2,0,0
BRDA:84,2,1,0
BRDA:94,3,0,0
BRDA:94,3,1,0
BRDA:125,4,0,0
BRDA:125,4,1,0
BRDA:125,5,0,0
BRDA:125,5,1,0
BRDA:129,6,0,0
BRDA:129,6,1,0
BRDA:138,7,0,0
BRDA:138,7,1,0
BRDA:141,8,0,0
BRDA:141,8,1,0
BRDA:158,9,0,0
BRDA:158,9,1,0
BRDA:173,10,0,0
BRDA:173,10,1,0
BRDA:187,11,0,0
BRDA:187,11,1,0
BRDA:211,12,0,0
BRDA:211,12,1,0
BRDA:215,13,0,0
BRDA:215,13,1,0
BRDA:230,14,0,0
BRDA:230,14,1,0
BRDA:277,15,0,0
BRDA:277,15,1,0
BRDA:277,15,2,0
BRDA:277,15,3,0
BRDA:277,15,4,0
BRF:35
BRH:0
end_of_record
TN:
SF:src\components\PhotoAnnotationScreen.tsx
FN:36,PhotoAnnotationScreen
FN:59,(anonymous_1)
FN:65,(anonymous_2)
FN:91,(anonymous_3)
FN:107,(anonymous_4)
FN:132,(anonymous_5)
FN:137,(anonymous_6)
FN:138,(anonymous_7)
FNF:8
FNH:0
FNDA:0,PhotoAnnotationScreen
FNDA:0,(anonymous_1)
FNDA:0,(anonymous_2)
FNDA:0,(anonymous_3)
FNDA:0,(anonymous_4)
FNDA:0,(anonymous_5)
FNDA:0,(anonymous_6)
FNDA:0,(anonymous_7)
DA:49,0
DA:51,0
DA:52,0
DA:55,0
DA:56,0
DA:59,0
DA:60,0
DA:64,0
DA:66,0
DA:68,0
DA:69,0
DA:71,0
DA:72,0
DA:75,0
DA:76,0
DA:78,0
DA:79,0
DA:82,0
DA:84,0
DA:91,0
DA:97,0
DA:98,0
DA:100,0
DA:107,0
DA:108,0
DA:113,0
DA:114,0
DA:127,0
DA:132,0
DA:133,0
DA:137,0
DA:138,0
DA:142,0
DA:143,0
DA:152,0
DA:153,0
DA:165,0
DA:166,0
DA:178,0
DA:180,0
DA:251,0
LF:41
LH:0
BRDA:71,0,0,0
BRDA:71,0,1,0
BRDA:75,1,0,0
BRDA:75,1,1,0
BRDA:75,2,0,0
BRDA:75,2,1,0
BRDA:78,3,0,0
BRDA:78,3,1,0
BRDA:78,4,0,0
BRDA:78,4,1,0
BRDA:86,5,0,0
BRDA:86,5,1,0
BRDA:108,6,0,0
BRDA:108,6,1,0
BRDA:113,7,0,0
BRDA:113,7,1,0
BRDA:142,8,0,0
BRDA:142,8,1,0
BRDA:152,9,0,0
BRDA:152,9,1,0
BRDA:152,10,0,0
BRDA:152,10,1,0
BRDA:156,11,0,0
BRDA:156,11,1,0
BRDA:165,12,0,0
BRDA:165,12,1,0
BRDA:186,13,0,0
BRDA:186,13,1,0
BRDA:189,14,0,0
BRDA:189,14,1,0
BRDA:195,15,0,0
BRDA:195,15,1,0
BRF:32
BRH:0
end_of_record
TN:
SF:src\components\PhotoAnnotator.tsx
FN:127,PhotoAnnotator
FN:172,(anonymous_1)
FN:173,(anonymous_2)
FN:174,(anonymous_3)
FN:175,(anonymous_4)
FN:176,(anonymous_5)
FN:177,(anonymous_6)
FN:179,(anonymous_7)
FN:183,(anonymous_8)
FN:191,(anonymous_9)
FN:208,(anonymous_10)
FN:210,(anonymous_11)
FN:211,(anonymous_12)
FN:218,(anonymous_13)
FN:219,(anonymous_14)
FN:220,(anonymous_15)
FN:244,(anonymous_16)
FN:252,(anonymous_17)
FN:269,(anonymous_18)
FN:279,(anonymous_19)
FN:290,(anonymous_20)
FN:292,(anonymous_21)
FN:300,(anonymous_22)
FN:304,(anonymous_23)
FN:306,(anonymous_24)
FN:309,(anonymous_25)
FN:313,(anonymous_26)
FN:315,(anonymous_27)
FN:318,(anonymous_28)
FN:324,(anonymous_29)
FN:325,(anonymous_30)
FN:334,(anonymous_31)
FN:349,(anonymous_32)
FN:361,(anonymous_33)
FN:363,(anonymous_34)
FN:372,(anonymous_35)
FN:379,(anonymous_36)
FN:381,(anonymous_37)
FN:390,(anonymous_38)
FN:399,(anonymous_39)
FN:669,(anonymous_40)
FN:681,(anonymous_41)
FN:695,(anonymous_42)
FN:703,(anonymous_43)
FN:718,(anonymous_44)
FN:725,(anonymous_45)
FN:747,(anonymous_46)
FN:754,(anonymous_47)
FN:774,(anonymous_48)
FN:781,(anonymous_49)
FN:805,(anonymous_50)
FN:815,(anonymous_51)
FN:833,(anonymous_52)
FN:896,(anonymous_53)
FN:938,(anonymous_54)
FNF:55
FNH:0
FNDA:0,PhotoAnnotator
FNDA:0,(anonymous_1)
FNDA:0,(anonymous_2)
FNDA:0,(anonymous_3)
FNDA:0,(anonymous_4)
FNDA:0,(anonymous_5)
FNDA:0,(anonymous_6)
FNDA:0,(anonymous_7)
FNDA:0,(anonymous_8)
FNDA:0,(anonymous_9)
FNDA:0,(anonymous_10)
FNDA:0,(anonymous_11)
FNDA:0,(anonymous_12)
FNDA:0,(anonymous_13)
FNDA:0,(anonymous_14)
FNDA:0,(anonymous_15)
FNDA:0,(anonymous_16)
FNDA:0,(anonymous_17)
FNDA:0,(anonymous_18)
FNDA:0,(anonymous_19)
FNDA:0,(anonymous_20)
FNDA:0,(anonymous_21)
FNDA:0,(anonymous_22)
FNDA:0,(anonymous_23)
FNDA:0,(anonymous_24)
FNDA:0,(anonymous_25)
FNDA:0,(anonymous_26)
FNDA:0,(anonymous_27)
FNDA:0,(anonymous_28)
FNDA:0,(anonymous_29)
FNDA:0,(anonymous_30)
FNDA:0,(anonymous_31)
FNDA:0,(anonymous_32)
FNDA:0,(anonymous_33)
FNDA:0,(anonymous_34)
FNDA:0,(anonymous_35)
FNDA:0,(anonymous_36)
FNDA:0,(anonymous_37)
FNDA:0,(anonymous_38)
FNDA:0,(anonymous_39)
FNDA:0,(anonymous_40)
FNDA:0,(anonymous_41)
FNDA:0,(anonymous_42)
FNDA:0,(anonymous_43)
FNDA:0,(anonymous_44)
FNDA:0,(anonymous_45)
FNDA:0,(anonymous_46)
FNDA:0,(anonymous_47)
FNDA:0,(anonymous_48)
FNDA:0,(anonymous_49)
FNDA:0,(anonymous_50)
FNDA:0,(anonymous_51)
FNDA:0,(anonymous_52)
FNDA:0,(anonymous_53)
FNDA:0,(anonymous_54)
DA:37,0
DA:85,0
DA:96,0
DA:103,0
DA:104,0
DA:112,0
DA:134,0
DA:135,0
DA:136,0
DA:137,0
DA:138,0
DA:140,0
DA:141,0
DA:142,0
DA:143,0
DA:144,0
DA:145,0
DA:146,0
DA:149,0
DA:150,0
DA:151,0
DA:154,0
DA:155,0
DA:156,0
DA:159,0
DA:161,0
DA:164,0
DA:165,0
DA:166,0
DA:167,0
DA:168,0
DA:169,0
DA:172,0
DA:173,0
DA:174,0
DA:175,0
DA:176,0
DA:177,0
DA:179,0
DA:182,0
DA:184,0
DA:185,0
DA:191,0
DA:192,0
DA:194,0
DA:195,0
DA:196,0
DA:197,0
DA:198,0
DA:199,0
DA:208,0
DA:209,0
DA:210,0
DA:211,0
DA:216,0
DA:218,0
DA:219,0
DA:221,0
DA:222,0
DA:223,0
DA:224,0
DA:227,0
DA:228,0
DA:231,0
DA:242,0
DA:245,0
DA:246,0
DA:248,0
DA:249,0
DA:252,0
DA:253,0
DA:255,0
DA:256,0
DA:257,0
DA:262,0
DA:270,0
DA:271,0
DA:274,0
DA:275,0
DA:276,0
DA:279,0
DA:280,0
DA:282,0
DA:283,0
DA:284,0
DA:285,0
DA:286,0
DA:290,0
DA:291,0
DA:292,0
DA:294,0
DA:300,0
DA:301,0
DA:303,0
DA:304,0
DA:305,0
DA:306,0
DA:309,0
DA:310,0
DA:312,0
DA:313,0
DA:314,0
DA:315,0
DA:318,0
DA:319,0
DA:325,0
DA:326,0
DA:327,0
DA:328,0
DA:334,0
DA:335,0
DA:336,0
DA:337,0
DA:338,0
DA:339,0
DA:343,0
DA:344,0
DA:349,0
DA:350,0
DA:351,0
DA:361,0
DA:362,0
DA:363,0
DA:366,0
DA:367,0
DA:368,0
DA:372,0
DA:373,0
DA:374,0
DA:379,0
DA:380,0
DA:381,0
DA:384,0
DA:385,0
DA:386,0
DA:390,0
DA:391,0
DA:392,0
DA:394,0
DA:397,0
DA:398,0
DA:399,0
DA:401,0
DA:415,0
DA:416,0
DA:420,0
DA:421,0
DA:423,0
DA:427,0
DA:432,0
DA:451,0
DA:452,0
DA:453,0
DA:454,0
DA:455,0
DA:456,0
DA:469,0
DA:470,0
DA:471,0
DA:472,0
DA:473,0
DA:474,0
DA:488,0
DA:489,0
DA:513,0
DA:514,0
DA:515,0
DA:516,0
DA:556,0
DA:557,0
DA:561,0
DA:562,0
DA:565,0
DA:569,0
DA:573,0
DA:577,0
DA:583,0
DA:584,0
DA:586,0
DA:641,0
DA:645,0
DA:647,0
DA:670,0
DA:671,0
DA:681,0
DA:696,0
DA:704,0
DA:705,0
DA:719,0
DA:726,0
DA:727,0
DA:748,0
DA:755,0
DA:756,0
DA:775,0
DA:782,0
DA:783,0
DA:784,0
DA:785,0
DA:806,0
DA:807,0
DA:808,0
DA:816,0
DA:817,0
DA:818,0
DA:834,0
DA:835,0
DA:836,0
DA:897,0
DA:898,0
DA:939,0
DA:940,0
DA:959,0
LF:213
LH:0
BRDA:131,0,0,0
BRDA:194,1,0,0
BRDA:194,1,1,0
BRDA:198,2,0,0
BRDA:198,2,1,0
BRDA:227,3,0,0
BRDA:227,3,1,0
BRDA:227,4,0,0
BRDA:227,4,1,0
BRDA:234,5,0,0
BRDA:234,5,1,0
BRDA:235,6,0,0
BRDA:235,6,1,0
BRDA:236,7,0,0
BRDA:236,7,1,0
BRDA:237,8,0,0
BRDA:237,8,1,0
BRDA:237,9,0,0
BRDA:237,9,1,0
BRDA:238,10,0,0
BRDA:238,10,1,0
BRDA:238,11,0,0
BRDA:238,11,1,0
BRDA:239,12,0,0
BRDA:239,12,1,0
BRDA:239,13,0,0
BRDA:239,13,1,0
BRDA:248,14,0,0
BRDA:248,14,1,0
BRDA:248,15,0,0
BRDA:248,15,1,0
BRDA:253,16,0,0
BRDA:253,16,1,0
BRDA:255,17,0,0
BRDA:255,17,1,0
BRDA:255,18,0,0
BRDA:255,18,1,0
BRDA:256,19,0,0
BRDA:256,19,1,0
BRDA:274,20,0,0
BRDA:274,20,1,0
BRDA:274,21,0,0
BRDA:274,21,1,0
BRDA:280,22,0,0
BRDA:280,22,1,0
BRDA:282,23,0,0
BRDA:282,23,1,0
BRDA:282,24,0,0
BRDA:282,24,1,0
BRDA:282,24,2,0
BRDA:301,25,0,0
BRDA:301,25,1,0
BRDA:310,26,0,0
BRDA:310,26,1,0
BRDA:336,27,0,0
BRDA:336,27,1,0
BRDA:338,28,0,0
BRDA:338,28,1,0
BRDA:350,29,0,0
BRDA:350,29,1,0
BRDA:350,30,0,0
BRDA:350,30,1,0
BRDA:373,31,0,0
BRDA:373,31,1,0
BRDA:373,32,0,0
BRDA:373,32,1,0
BRDA:390,33,0,0
BRDA:392,34,0,0
BRDA:392,34,1,0
BRDA:394,35,0,0
BRDA:394,35,1,0
BRDA:394,35,2,0
BRDA:394,35,3,0
BRDA:394,35,4,0
BRDA:394,35,5,0
BRDA:394,35,6,0
BRDA:394,35,7,0
BRDA:394,35,8,0
BRDA:397,36,0,0
BRDA:397,36,1,0
BRDA:397,37,0,0
BRDA:397,37,1,0
BRDA:399,38,0,0
BRDA:399,38,1,0
BRDA:410,39,0,0
BRDA:410,39,1,0
BRDA:415,40,0,0
BRDA:415,40,1,0
BRDA:415,41,0,0
BRDA:415,41,1,0
BRDA:451,42,0,0
BRDA:451,42,1,0
BRDA:451,43,0,0
BRDA:451,43,1,0
BRDA:469,44,0,0
BRDA:469,44,1,0
BRDA:469,45,0,0
BRDA:469,45,1,0
BRDA:488,46,0,0
BRDA:488,46,1,0
BRDA:488,47,0,0
BRDA:488,47,1,0
BRDA:494,48,0,0
BRDA:494,48,1,0
BRDA:495,49,0,0
BRDA:495,49,1,0
BRDA:496,50,0,0
BRDA:496,50,1,0
BRDA:504,51,0,0
BRDA:504,51,1,0
BRDA:513,52,0,0
BRDA:513,52,1,0
BRDA:515,53,0,0
BRDA:515,53,1,0
BRDA:556,54,0,0
BRDA:556,54,1,0
BRDA:556,55,0,0
BRDA:556,55,1,0
BRDA:615,56,0,0
BRDA:615,56,1,0
BRDA:682,57,0,0
BRDA:682,57,1,0
BRDA:689,58,0,0
BRDA:689,58,1,0
BRDA:692,59,0,0
BRDA:692,59,1,0
BRDA:695,60,0,0
BRDA:695,60,1,0
BRDA:701,61,0,0
BRDA:701,61,1,0
BRDA:714,62,0,0
BRDA:714,62,1,0
BRDA:723,63,0,0
BRDA:723,63,1,0
BRDA:743,64,0,0
BRDA:743,64,1,0
BRDA:752,65,0,0
BRDA:752,65,1,0
BRDA:779,66,0,0
BRDA:779,66,1,0
BRDA:790,67,0,0
BRDA:790,67,1,0
BRDA:812,68,0,0
BRDA:812,68,1,0
BRDA:812,68,2,0
BRDA:830,69,0,0
BRDA:830,69,1,0
BRDA:850,70,0,0
BRDA:850,70,1,0
BRDA:857,71,0,0
BRDA:857,71,1,0
BRDA:864,72,0,0
BRDA:864,72,1,0
BRDA:878,73,0,0
BRDA:878,73,1,0
BRDA:917,74,0,0
BRDA:917,74,1,0
BRF:157
BRH:0
end_of_record
TN:
SF:src\components\PhotoDetailModal.tsx
FN:64,formatDateTime
FN:77,formatFileSize
FN:83,formatCoordinate
FN:90,formatExposureTime
FN:97,formatPhotoType
FN:98,(anonymous_5)
FN:101,formatQuickTag
FN:103,(anonymous_7)
FN:106,truncateHash
FN:122,MetadataRow
FN:155,Section
FN:170,PhotoDetailModal
FN:183,(anonymous_12)
FN:187,(anonymous_13)
FN:191,(anonymous_14)
FN:194,(anonymous_15)
FN:219,(anonymous_16)
FN:239,(anonymous_17)
FN:243,(anonymous_18)
FN:247,(anonymous_19)
FNF:20
FNH:0
FNDA:0,formatDateTime
FNDA:0,formatFileSize
FNDA:0,formatCoordinate
FNDA:0,formatExposureTime
FNDA:0,formatPhotoType
FNDA:0,(anonymous_5)
FNDA:0,formatQuickTag
FNDA:0,(anonymous_7)
FNDA:0,truncateHash
FNDA:0,MetadataRow
FNDA:0,Section
FNDA:0,PhotoDetailModal
FNDA:0,(anonymous_12)
FNDA:0,(anonymous_13)
FNDA:0,(anonymous_14)
FNDA:0,(anonymous_15)
FNDA:0,(anonymous_16)
FNDA:0,(anonymous_17)
FNDA:0,(anonymous_18)
FNDA:0,(anonymous_19)
DA:34,0
DA:52,0
DA:65,0
DA:66,0
DA:67,0
DA:68,0
DA:73,0
DA:78,0
DA:79,0
DA:80,0
DA:84,0
DA:85,0
DA:86,0
DA:87,0
DA:91,0
DA:92,0
DA:93,0
DA:94,0
DA:98,0
DA:102,0
DA:103,0
DA:107,0
DA:108,0
DA:123,0
DA:156,0
DA:177,0
DA:178,0
DA:179,0
DA:180,0
DA:183,0
DA:184,0
DA:187,0
DA:188,0
DA:189,0
DA:190,0
DA:191,0
DA:194,0
DA:195,0
DA:198,0
DA:200,0
DA:202,0
DA:207,0
DA:211,0
DA:220,0
DA:221,0
DA:223,0
DA:224,0
DA:226,0
DA:228,0
DA:239,0
DA:240,0
DA:243,0
DA:244,0
DA:247,0
DA:254,0
DA:256,0
DA:265,0
DA:266,0
DA:267,0
DA:271,0
DA:274,0
DA:276,0
DA:277,0
DA:278,0
DA:281,0
DA:283,0
DA:473,0
LF:67
LH:0
BRDA:65,0,0,0
BRDA:65,0,1,0
BRDA:78,1,0,0
BRDA:78,1,1,0
BRDA:79,2,0,0
BRDA:79,2,1,0
BRDA:84,3,0,0
BRDA:84,3,1,0
BRDA:84,4,0,0
BRDA:84,4,1,0
BRDA:86,5,0,0
BRDA:86,5,1,0
BRDA:86,6,0,0
BRDA:86,6,1,0
BRDA:86,7,0,0
BRDA:86,7,1,0
BRDA:91,8,0,0
BRDA:91,8,1,0
BRDA:91,9,0,0
BRDA:91,9,1,0
BRDA:92,10,0,0
BRDA:92,10,1,0
BRDA:102,11,0,0
BRDA:102,11,1,0
BRDA:106,12,0,0
BRDA:107,13,0,0
BRDA:107,13,1,0
BRDA:128,14,0,0
BRDA:128,14,1,0
BRDA:130,15,0,0
BRDA:130,15,1,0
BRDA:130,15,2,0
BRDA:188,16,0,0
BRDA:188,16,1,0
BRDA:195,17,0,0
BRDA:195,17,1,0
BRDA:198,18,0,0
BRDA:198,18,1,0
BRDA:200,19,0,0
BRDA:200,19,1,0
BRDA:221,20,0,0
BRDA:221,20,1,0
BRDA:223,21,0,0
BRDA:223,21,1,0
BRDA:230,22,0,0
BRDA:230,22,1,0
BRDA:254,23,0,0
BRDA:254,23,1,0
BRDA:266,24,0,0
BRDA:266,24,1,0
BRDA:271,25,0,0
BRDA:271,25,1,0
BRDA:276,26,0,0
BRDA:276,26,1,0
BRDA:277,27,0,0
BRDA:277,27,1,0
BRDA:278,28,0,0
BRDA:278,28,1,0
BRDA:281,29,0,0
BRDA:281,29,1,0
BRDA:339,30,0,0
BRDA:339,30,1,0
BRDA:350,31,0,0
BRDA:350,31,1,0
BRDA:355,32,0,0
BRDA:355,32,1,0
BRDA:364,33,0,0
BRDA:364,33,1,0
BRDA:367,34,0,0
BRDA:367,34,1,0
BRDA:374,35,0,0
BRDA:374,35,1,0
BRDA:378,36,0,0
BRDA:378,36,1,0
BRDA:381,37,0,0
BRDA:381,37,1,0
BRDA:392,38,0,0
BRDA:392,38,1,0
BRDA:394,39,0,0
BRDA:394,39,1,0
BRDA:395,40,0,0
BRDA:395,40,1,0
BRDA:396,41,0,0
BRDA:396,41,1,0
BRDA:399,42,0,0
BRDA:399,42,1,0
BRDA:402,43,0,0
BRDA:402,43,1,0
BRDA:405,44,0,0
BRDA:405,44,1,0
BRDA:423,45,0,0
BRDA:423,45,1,0
BRDA:425,46,0,0
BRDA:425,46,1,0
BRDA:482,47,0,0
BRDA:482,47,1,0
BRDA:482,48,0,0
BRDA:482,48,1,0
BRF:98
BRH:0
end_of_record
TN:
SF:src\components\PhotoEditSheet.tsx
FN:109,ChipButton
FN:132,PhotoEditSheet
FN:156,(anonymous_2)
FN:167,(anonymous_3)
FN:186,(anonymous_4)
FN:208,(anonymous_5)
FN:229,(anonymous_6)
FN:231,(anonymous_7)
FN:237,(anonymous_8)
FN:239,(anonymous_9)
FN:245,(anonymous_10)
FN:315,(anonymous_11)
FN:320,(anonymous_12)
FN:330,(anonymous_13)
FN:335,(anonymous_14)
FN:349,(anonymous_15)
FN:378,(anonymous_16)
FN:410,(anonymous_17)
FN:431,(anonymous_18)
FN:437,(anonymous_19)
FN:443,(anonymous_20)
FN:444,(anonymous_21)
FN:450,(anonymous_22)
FN:480,(anonymous_23)
FN:486,(anonymous_24)
FN:492,(anonymous_25)
FN:493,(anonymous_26)
FN:503,(anonymous_27)
FNF:28
FNH:0
FNDA:0,ChipButton
FNDA:0,PhotoEditSheet
FNDA:0,(anonymous_2)
FNDA:0,(anonymous_3)
FNDA:0,(anonymous_4)
FNDA:0,(anonymous_5)
FNDA:0,(anonymous_6)
FNDA:0,(anonymous_7)
FNDA:0,(anonymous_8)
FNDA:0,(anonymous_9)
FNDA:0,(anonymous_10)
FNDA:0,(anonymous_11)
FNDA:0,(anonymous_12)
FNDA:0,(anonymous_13)
FNDA:0,(anonymous_14)
FNDA:0,(anonymous_15)
FNDA:0,(anonymous_16)
FNDA:0,(anonymous_17)
FNDA:0,(anonymous_18)
FNDA:0,(anonymous_19)
FNDA:0,(anonymous_20)
FNDA:0,(anonymous_21)
FNDA:0,(anonymous_22)
FNDA:0,(anonymous_23)
FNDA:0,(anonymous_24)
FNDA:0,(anonymous_25)
FNDA:0,(anonymous_26)
FNDA:0,(anonymous_27)
DA:32,0
DA:33,0
DA:34,0
DA:57,0
DA:82,0
DA:92,0
DA:110,0
DA:141,0
DA:142,0
DA:143,0
DA:144,0
DA:147,0
DA:148,0
DA:149,0
DA:150,0
DA:151,0
DA:152,0
DA:153,0
DA:156,0
DA:157,0
DA:158,0
DA:159,0
DA:160,0
DA:161,0
DA:162,0
DA:167,0
DA:168,0
DA:171,0
DA:172,0
DA:174,0
DA:175,0
DA:179,0
DA:180,0
DA:182,0
DA:185,0
DA:186,0
DA:187,0
DA:188,0
DA:190,0
DA:191,0
DA:192,0
DA:195,0
DA:196,0
DA:197,0
DA:200,0
DA:202,0
DA:208,0
DA:209,0
DA:211,0
DA:212,0
DA:213,0
DA:220,0
DA:222,0
DA:224,0
DA:229,0
DA:230,0
DA:231,0
DA:232,0
DA:233,0
DA:237,0
DA:238,0
DA:239,0
DA:240,0
DA:241,0
DA:242,0
DA:245,0
DA:246,0
DA:247,0
DA:251,0
DA:253,0
DA:316,0
DA:320,0
DA:331,0
DA:335,0
DA:349,0
DA:378,0
DA:410,0
DA:431,0
DA:437,0
DA:443,0
DA:445,0
DA:451,0
DA:452,0
DA:480,0
DA:486,0
DA:492,0
DA:494,0
DA:497,0
DA:504,0
DA:505,0
DA:537,0
LF:91
LH:0
BRDA:114,0,0,0
BRDA:114,0,1,0
BRDA:121,1,0,0
BRDA:121,1,1,0
BRDA:157,2,0,0
BRDA:157,2,1,0
BRDA:157,3,0,0
BRDA:157,3,1,0
BRDA:158,4,0,0
BRDA:158,4,1,0
BRDA:159,5,0,0
BRDA:159,5,1,0
BRDA:160,6,0,0
BRDA:160,6,1,0
BRDA:161,7,0,0
BRDA:161,7,1,0
BRDA:162,8,0,0
BRDA:162,8,1,0
BRDA:168,9,0,0
BRDA:168,9,1,0
BRDA:168,10,0,0
BRDA:168,10,1,0
BRDA:171,11,0,0
BRDA:171,11,1,0
BRDA:174,12,0,0
BRDA:174,12,1,0
BRDA:179,13,0,0
BRDA:179,13,1,0
BRDA:179,14,0,0
BRDA:179,14,1,0
BRDA:180,15,0,0
BRDA:180,15,1,0
BRDA:190,16,0,0
BRDA:190,16,1,0
BRDA:195,17,0,0
BRDA:195,17,1,0
BRDA:209,18,0,0
BRDA:209,18,1,0
BRDA:215,19,0,0
BRDA:215,19,1,0
BRDA:216,20,0,0
BRDA:216,20,1,0
BRDA:230,21,0,0
BRDA:230,21,1,0
BRDA:232,22,0,0
BRDA:232,22,1,0
BRDA:238,23,0,0
BRDA:238,23,1,0
BRDA:240,24,0,0
BRDA:240,24,1,0
BRDA:241,25,0,0
BRDA:241,25,1,0
BRDA:246,26,0,0
BRDA:246,26,1,0
BRDA:251,27,0,0
BRDA:251,27,1,0
BRDA:262,28,0,0
BRDA:262,28,1,0
BRDA:293,29,0,0
BRDA:293,29,1,0
BRDA:298,30,0,0
BRDA:298,30,1,0
BRDA:299,31,0,0
BRDA:299,31,1,0
BRDA:332,32,0,0
BRDA:332,32,1,0
BRDA:344,33,0,0
BRDA:344,33,1,0
BRDA:356,34,0,0
BRDA:356,34,1,0
BRDA:365,35,0,0
BRDA:365,35,1,0
BRDA:365,35,2,0
BRDA:373,36,0,0
BRDA:373,36,1,0
BRDA:385,37,0,0
BRDA:385,37,1,0
BRDA:394,38,0,0
BRDA:394,38,1,0
BRDA:394,38,2,0
BRDA:443,39,0,0
BRDA:443,39,1,0
BRDA:448,40,0,0
BRDA:448,40,1,0
BRDA:458,41,0,0
BRDA:458,41,1,0
BRDA:462,42,0,0
BRDA:462,42,1,0
BRDA:464,43,0,0
BRDA:464,43,1,0
BRDA:492,44,0,0
BRDA:492,44,1,0
BRDA:494,45,0,0
BRDA:494,45,1,0
BRDA:495,46,0,0
BRDA:495,46,1,0
BRDA:501,47,0,0
BRDA:501,47,1,0
BRDA:511,48,0,0
BRDA:511,48,1,0
BRDA:515,49,0,0
BRDA:515,49,1,0
BRDA:517,50,0,0
BRDA:517,50,1,0
BRF:104
BRH:0
end_of_record
TN:
SF:src\components\PhotoFullScreenViewer.tsx
FN:55,formatDateTime
FN:68,formatPhotoType
FN:72,(anonymous_2)
FN:75,formatQuickTag
FN:80,(anonymous_4)
FN:83,formatCoordinates
FN:93,hasAnnotations
FN:112,PhotoItem
FN:133,PhotoFullScreenViewer
FN:147,(anonymous_9)
FN:154,(anonymous_10)
FN:155,(anonymous_11)
FN:159,(anonymous_12)
FN:173,(anonymous_13)
FN:179,(anonymous_14)
FN:185,(anonymous_15)
FN:192,(anonymous_16)
FN:201,(anonymous_17)
FN:207,(anonymous_18)
FNF:19
FNH:0
FNDA:0,formatDateTime
FNDA:0,formatPhotoType
FNDA:0,(anonymous_2)
FNDA:0,formatQuickTag
FNDA:0,(anonymous_4)
FNDA:0,formatCoordinates
FNDA:0,hasAnnotations
FNDA:0,PhotoItem
FNDA:0,PhotoFullScreenViewer
FNDA:0,(anonymous_9)
FNDA:0,(anonymous_10)
FNDA:0,(anonymous_11)
FNDA:0,(anonymous_12)
FNDA:0,(anonymous_13)
FNDA:0,(anonymous_14)
FNDA:0,(anonymous_15)
FNDA:0,(anonymous_16)
FNDA:0,(anonymous_17)
FNDA:0,(anonymous_18)
DA:35,0
DA:56,0
DA:57,0
DA:58,0
DA:59,0
DA:64,0
DA:69,0
DA:72,0
DA:76,0
DA:77,0
DA:80,0
DA:87,0
DA:88,0
DA:89,0
DA:90,0
DA:94,0
DA:95,0
DA:96,0
DA:97,0
DA:99,0
DA:113,0
DA:142,0
DA:143,0
DA:144,0
DA:147,0
DA:148,0
DA:149,0
DA:150,0
DA:154,0
DA:155,0
DA:158,0
DA:160,0
DA:161,0
DA:167,0
DA:171,0
DA:173,0
DA:174,0
DA:175,0
DA:179,0
DA:180,0
DA:181,0
DA:185,0
DA:186,0
DA:187,0
DA:191,0
DA:192,0
DA:200,0
DA:202,0
DA:207,0
DA:209,0
DA:212,0
DA:214,0
DA:215,0
DA:216,0
DA:219,0
DA:220,0
DA:222,0
DA:348,0
LF:58
LH:0
BRDA:56,0,0,0
BRDA:56,0,1,0
BRDA:76,1,0,0
BRDA:76,1,1,0
BRDA:87,2,0,0
BRDA:87,2,1,0
BRDA:87,3,0,0
BRDA:87,3,1,0
BRDA:88,4,0,0
BRDA:88,4,1,0
BRDA:89,5,0,0
BRDA:89,5,1,0
BRDA:94,6,0,0
BRDA:94,6,1,0
BRDA:97,7,0,0
BRDA:97,7,1,0
BRDA:148,8,0,0
BRDA:148,8,1,0
BRDA:160,9,0,0
BRDA:160,9,1,0
BRDA:160,10,0,0
BRDA:160,10,1,0
BRDA:174,11,0,0
BRDA:174,11,1,0
BRDA:174,12,0,0
BRDA:174,12,1,0
BRDA:180,13,0,0
BRDA:180,13,1,0
BRDA:180,14,0,0
BRDA:180,14,1,0
BRDA:186,15,0,0
BRDA:186,15,1,0
BRDA:186,16,0,0
BRDA:186,16,1,0
BRDA:209,17,0,0
BRDA:209,17,1,0
BRDA:212,18,0,0
BRDA:212,18,1,0
BRDA:219,19,0,0
BRDA:219,19,1,0
BRDA:219,20,0,0
BRDA:219,20,1,0
BRDA:220,21,0,0
BRDA:220,21,1,0
BRDA:251,22,0,0
BRDA:251,22,1,0
BRDA:270,23,0,0
BRDA:270,23,1,0
BRDA:282,24,0,0
BRDA:282,24,1,0
BRDA:289,25,0,0
BRDA:289,25,1,0
BRDA:301,26,0,0
BRDA:301,26,1,0
BRDA:306,27,0,0
BRDA:306,27,1,0
BRDA:316,28,0,0
BRDA:316,28,1,0
BRDA:326,29,0,0
BRDA:326,29,1,0
BRF:60
BRH:0
end_of_record
TN:
SF:src\components\PhotoGalleryFilters.tsx
FN:63,FilterChip
FN:93,RadioOption
FN:122,SectionHeader
FN:164,PhotoGalleryFilters
FN:179,(anonymous_4)
FN:187,(anonymous_5)
FN:194,(anonymous_6)
FN:200,(anonymous_7)
FN:201,(anonymous_8)
FN:208,(anonymous_9)
FN:209,(anonymous_10)
FN:216,(anonymous_11)
FN:217,(anonymous_12)
FN:224,(anonymous_13)
FN:225,(anonymous_14)
FN:232,(anonymous_15)
FN:233,(anonymous_16)
FN:300,(anonymous_17)
FN:305,(anonymous_18)
FN:314,(anonymous_19)
FN:319,(anonymous_20)
FN:329,(anonymous_21)
FN:334,(anonymous_22)
FN:344,(anonymous_23)
FN:349,(anonymous_24)
FN:363,(anonymous_25)
FN:365,(anonymous_26)
FN:370,(anonymous_27)
FN:385,(anonymous_28)
FN:387,(anonymous_29)
FN:392,(anonymous_30)
FN:403,(anonymous_31)
FNF:32
FNH:0
FNDA:0,FilterChip
FNDA:0,RadioOption
FNDA:0,SectionHeader
FNDA:0,PhotoGalleryFilters
FNDA:0,(anonymous_4)
FNDA:0,(anonymous_5)
FNDA:0,(anonymous_6)
FNDA:0,(anonymous_7)
FNDA:0,(anonymous_8)
FNDA:0,(anonymous_9)
FNDA:0,(anonymous_10)
FNDA:0,(anonymous_11)
FNDA:0,(anonymous_12)
FNDA:0,(anonymous_13)
FNDA:0,(anonymous_14)
FNDA:0,(anonymous_15)
FNDA:0,(anonymous_16)
FNDA:0,(anonymous_17)
FNDA:0,(anonymous_18)
FNDA:0,(anonymous_19)
FNDA:0,(anonymous_20)
FNDA:0,(anonymous_21)
FNDA:0,(anonymous_22)
FNDA:0,(anonymous_23)
FNDA:0,(anonymous_24)
FNDA:0,(anonymous_25)
FNDA:0,(anonymous_26)
FNDA:0,(anonymous_27)
FNDA:0,(anonymous_28)
FNDA:0,(anonymous_29)
FNDA:0,(anonymous_30)
FNDA:0,(anonymous_31)
DA:63,0
DA:68,0
DA:93,0
DA:98,0
DA:122,0
DA:123,0
DA:130,0
DA:143,0
DA:154,0
DA:164,0
DA:175,0
DA:176,0
DA:179,0
DA:180,0
DA:181,0
DA:182,0
DA:187,0
DA:188,0
DA:189,0
DA:190,0
DA:194,0
DA:195,0
DA:196,0
DA:200,0
DA:201,0
DA:208,0
DA:209,0
DA:216,0
DA:217,0
DA:224,0
DA:225,0
DA:232,0
DA:233,0
DA:241,0
DA:248,0
DA:300,0
DA:305,0
DA:315,0
DA:319,0
DA:330,0
DA:334,0
DA:345,0
DA:349,0
DA:363,0
DA:366,0
DA:370,0
DA:385,0
DA:388,0
DA:392,0
DA:403,0
DA:423,0
LF:51
LH:0
BRDA:70,0,0,0
BRDA:70,0,1,0
BRDA:76,1,0,0
BRDA:76,1,1,0
BRDA:106,2,0,0
BRDA:106,2,1,0
BRDA:107,3,0,0
BRDA:107,3,1,0
BRDA:171,4,0,0
BRDA:172,5,0,0
BRDA:180,6,0,0
BRDA:180,6,1,0
BRDA:241,7,0,0
BRDA:241,7,1,0
BRDA:241,7,2,0
BRDA:241,7,3,0
BRDA:241,7,4,0
BRDA:241,7,5,0
BRDA:279,8,0,0
BRDA:279,8,1,0
BRDA:356,9,0,0
BRDA:356,9,1,0
BRDA:378,10,0,0
BRDA:378,10,1,0
BRDA:405,11,0,0
BRDA:405,11,1,0
BRF:26
BRH:0
end_of_record
TN:
SF:src\components\PhotoGalleryHeader.tsx
FN:61,GroupTab
FN:67,(anonymous_1)
FN:105,PhotoGalleryHeader
FN:116,(anonymous_3)
FN:181,(anonymous_4)
FNF:5
FNH:0
FNDA:0,GroupTab
FNDA:0,(anonymous_1)
FNDA:0,PhotoGalleryHeader
FNDA:0,(anonymous_3)
FNDA:0,(anonymous_4)
DA:61,0
DA:67,0
DA:68,0
DA:71,0
DA:93,0
DA:105,0
DA:116,0
DA:117,0
DA:122,0
DA:126,0
DA:182,0
DA:199,0
LF:12
LH:0
BRDA:73,0,0,0
BRDA:73,0,1,0
BRDA:81,1,0,0
BRDA:81,1,1,0
BRDA:117,2,0,0
BRDA:117,2,1,0
BRDA:122,3,0,0
BRDA:122,3,1,0
BRDA:124,4,0,0
BRDA:124,4,1,0
BRDA:143,5,0,0
BRDA:143,5,1,0
BRDA:150,6,0,0
BRDA:150,6,1,0
BRDA:163,7,0,0
BRDA:163,7,1,0
BRDA:167,8,0,0
BRDA:167,8,1,0
BRF:18
BRH:0
end_of_record
TN:
SF:src\components\PhotoGalleryScreen.tsx
FN:84,GridPhotoItem
FN:122,ListPhotoItem
FN:127,(anonymous_2)
FN:178,SectionHeader
FN:198,EmptyState
FN:222,FAB
FN:240,PhotoGalleryScreen
FN:268,(anonymous_7)
FN:279,(anonymous_8)
FN:283,(anonymous_9)
FN:289,(anonymous_10)
FN:297,(anonymous_11)
FN:300,(anonymous_12)
FN:308,(anonymous_13)
FN:311,(anonymous_14)
FN:319,(anonymous_15)
FN:326,(anonymous_16)
FN:330,(anonymous_17)
FN:339,(anonymous_18)
FN:369,(anonymous_19)
FN:371,(anonymous_20)
FN:389,(anonymous_21)
FN:393,(anonymous_22)
FN:397,(anonymous_23)
FN:420,(anonymous_24)
FNF:25
FNH:0
FNDA:0,GridPhotoItem
FNDA:0,ListPhotoItem
FNDA:0,(anonymous_2)
FNDA:0,SectionHeader
FNDA:0,EmptyState
FNDA:0,FAB
FNDA:0,PhotoGalleryScreen
FNDA:0,(anonymous_7)
FNDA:0,(anonymous_8)
FNDA:0,(anonymous_9)
FNDA:0,(anonymous_10)
FNDA:0,(anonymous_11)
FNDA:0,(anonymous_12)
FNDA:0,(anonymous_13)
FNDA:0,(anonymous_14)
FNDA:0,(anonymous_15)
FNDA:0,(anonymous_16)
FNDA:0,(anonymous_17)
FNDA:0,(anonymous_18)
FNDA:0,(anonymous_19)
FNDA:0,(anonymous_20)
FNDA:0,(anonymous_21)
FNDA:0,(anonymous_22)
FNDA:0,(anonymous_23)
FNDA:0,(anonymous_24)
DA:49,0
DA:50,0
DA:51,0
DA:52,0
DA:54,0
DA:84,0
DA:88,0
DA:122,0
DA:127,0
DA:128,0
DA:129,0
DA:130,0
DA:131,0
DA:139,0
DA:178,0
DA:182,0
DA:198,0
DA:199,0
DA:222,0
DA:223,0
DA:240,0
DA:249,0
DA:250,0
DA:265,0
DA:268,0
DA:269,0
DA:279,0
DA:280,0
DA:283,0
DA:284,0
DA:288,0
DA:290,0
DA:296,0
DA:298,0
DA:300,0
DA:307,0
DA:309,0
DA:311,0
DA:318,0
DA:320,0
DA:326,0
DA:329,0
DA:330,0
DA:339,0
DA:341,0
DA:342,0
DA:346,0
DA:347,0
DA:348,0
DA:366,0
DA:371,0
DA:372,0
DA:374,0
DA:377,0
DA:378,0
DA:382,0
DA:387,0
DA:390,0
DA:393,0
DA:398,0
DA:412,0
DA:420,0
DA:425,0
DA:464,0
LF:64
LH:0
BRDA:94,0,0,0
BRDA:94,0,1,0
BRDA:97,1,0,0
BRDA:97,1,1,0
BRDA:102,2,0,0
BRDA:102,2,1,0
BRDA:105,3,0,0
BRDA:105,3,1,0
BRDA:105,4,0,0
BRDA:105,4,1,0
BRDA:128,5,0,0
BRDA:128,5,1,0
BRDA:129,6,0,0
BRDA:129,6,1,0
BRDA:145,7,0,0
BRDA:145,7,1,0
BRDA:148,8,0,0
BRDA:148,8,1,0
BRDA:155,9,0,0
BRDA:155,9,1,0
BRDA:155,9,2,0
BRDA:159,10,0,0
BRDA:159,10,1,0
BRDA:201,11,0,0
BRDA:201,11,1,0
BRDA:203,12,0,0
BRDA:203,12,1,0
BRDA:206,13,0,0
BRDA:206,13,1,0
BRDA:244,14,0,0
BRDA:245,15,0,0
BRDA:246,16,0,0
BRDA:270,17,0,0
BRDA:270,17,1,0
BRDA:270,17,2,0
BRDA:270,17,3,0
BRDA:270,17,4,0
BRDA:341,18,0,0
BRDA:341,18,1,0
BRDA:346,19,0,0
BRDA:346,19,1,0
BRDA:347,20,0,0
BRDA:347,20,1,0
BRDA:374,21,0,0
BRDA:374,21,1,0
BRDA:377,22,0,0
BRDA:377,22,1,0
BRDA:382,23,0,0
BRDA:382,23,1,0
BRDA:443,24,0,0
BRDA:443,24,1,0
BRDA:443,24,2,0
BRF:52
BRH:0
end_of_record
TN:
SF:src\components\PhotoGrid.tsx
FN:57,PhotoItem
FN:58,(anonymous_1)
FN:62,(anonymous_2)
FN:111,AddButton
FN:131,PhotoGrid
FN:149,(anonymous_5)
FN:165,(anonymous_6)
FN:168,(anonymous_7)
FNF:8
FNH:0
FNDA:0,PhotoItem
FNDA:0,(anonymous_1)
FNDA:0,(anonymous_2)
FNDA:0,AddButton
FNDA:0,PhotoGrid
FNDA:0,(anonymous_5)
FNDA:0,(anonymous_6)
FNDA:0,(anonymous_7)
DA:21,0
DA:22,0
DA:23,0
DA:24,0
DA:25,0
DA:57,0
DA:58,0
DA:59,0
DA:62,0
DA:63,0
DA:66,0
DA:111,0
DA:112,0
DA:140,0
DA:141,0
DA:148,0
DA:150,0
DA:151,0
DA:154,0
DA:165,0
DA:167,0
DA:168,0
DA:176,0
DA:177,0
DA:185,0
DA:210,0
LF:26
LH:0
BRDA:72,0,0,0
BRDA:72,0,1,0
BRDA:76,1,0,0
BRDA:76,1,1,0
BRDA:81,2,0,0
BRDA:81,2,1,0
BRDA:92,3,0,0
BRDA:92,3,1,0
BRDA:136,4,0,0
BRDA:143,5,0,0
BRDA:143,5,1,0
BRDA:143,6,0,0
BRDA:143,6,1,0
BRDA:143,6,2,0
BRDA:150,7,0,0
BRDA:150,7,1,0
BRDA:150,8,0,0
BRDA:150,8,1,0
BRDA:176,9,0,0
BRDA:176,9,1,0
BRDA:176,10,0,0
BRDA:176,10,1,0
BRF:22
BRH:0
end_of_record
TN:
SF:src\components\PreSubmitChecklist.tsx
FN:98,PreSubmitChecklist
FN:115,(anonymous_1)
FN:132,(anonymous_2)
FN:137,(anonymous_3)
FN:197,(anonymous_4)
FN:233,(anonymous_5)
FN:288,(anonymous_6)
FN:329,(anonymous_7)
FN:350,(anonymous_8)
FN:415,(anonymous_9)
FN:434,(anonymous_10)
FN:453,(anonymous_11)
FNF:12
FNH:0
FNDA:0,PreSubmitChecklist
FNDA:0,(anonymous_1)
FNDA:0,(anonymous_2)
FNDA:0,(anonymous_3)
FNDA:0,(anonymous_4)
FNDA:0,(anonymous_5)
FNDA:0,(anonymous_6)
FNDA:0,(anonymous_7)
FNDA:0,(anonymous_8)
FNDA:0,(anonymous_9)
FNDA:0,(anonymous_10)
FNDA:0,(anonymous_11)
DA:50,0
DA:96,0
DA:104,0
DA:105,0
DA:106,0
DA:107,0
DA:108,0
DA:110,0
DA:115,0
DA:116,0
DA:117,0
DA:118,0
DA:120,0
DA:121,0
DA:122,0
DA:123,0
DA:126,0
DA:128,0
DA:132,0
DA:133,0
DA:137,0
DA:138,0
DA:140,0
DA:142,0
DA:144,0
DA:153,0
DA:162,0
DA:167,0
DA:169,0
DA:171,0
DA:172,0
DA:182,0
DA:187,0
DA:192,0
DA:197,0
DA:199,0
DA:202,0
DA:203,0
DA:213,0
DA:214,0
DA:226,0
DA:229,0
DA:230,0
DA:233,0
DA:256,0
DA:288,0
DA:330,0
DA:331,0
DA:332,0
DA:343,0
DA:350,0
DA:416,0
DA:435,0
DA:453,0
DA:475,0
LF:55
LH:0
BRDA:101,0,0,0
BRDA:110,1,0,0
BRDA:110,1,1,0
BRDA:122,2,0,0
BRDA:122,2,1,0
BRDA:126,3,0,0
BRDA:126,3,1,0
BRDA:138,4,0,0
BRDA:138,4,1,0
BRDA:142,5,0,0
BRDA:142,5,1,0
BRDA:142,5,2,0
BRDA:142,5,3,0
BRDA:142,5,4,0
BRDA:142,5,5,0
BRDA:142,5,6,0
BRDA:146,6,0,0
BRDA:146,6,1,0
BRDA:149,7,0,0
BRDA:149,7,1,0
BRDA:155,8,0,0
BRDA:155,8,1,0
BRDA:158,9,0,0
BRDA:158,9,1,0
BRDA:169,10,0,0
BRDA:169,10,1,0
BRDA:171,11,0,0
BRDA:171,11,1,0
BRDA:173,12,0,0
BRDA:173,12,1,0
BRDA:173,12,2,0
BRDA:202,13,0,0
BRDA:202,13,1,0
BRDA:213,14,0,0
BRDA:213,14,1,0
BRDA:226,15,0,0
BRDA:226,15,1,0
BRDA:229,16,0,0
BRDA:229,16,1,0
BRDA:229,17,0,0
BRDA:229,17,1,0
BRDA:238,18,0,0
BRDA:238,18,1,0
BRDA:244,19,0,0
BRDA:244,19,1,0
BRDA:265,20,0,0
BRDA:265,20,1,0
BRDA:271,21,0,0
BRDA:271,21,1,0
BRDA:276,22,0,0
BRDA:276,22,1,0
BRDA:286,23,0,0
BRDA:286,23,1,0
BRDA:311,24,0,0
BRDA:311,24,1,0
BRDA:319,25,0,0
BRDA:319,25,1,0
BRDA:332,26,0,0
BRDA:332,26,1,0
BRDA:348,27,0,0
BRDA:348,27,1,0
BRDA:356,28,0,0
BRDA:356,28,1,0
BRDA:364,29,0,0
BRDA:364,29,1,0
BRDA:369,30,0,0
BRDA:369,30,1,0
BRDA:379,31,0,0
BRDA:379,31,1,0
BRDA:379,31,2,0
BRDA:384,32,0,0
BRDA:384,32,1,0
BRDA:387,33,0,0
BRDA:387,33,1,0
BRDA:393,34,0,0
BRDA:393,34,1,0
BRDA:396,35,0,0
BRDA:396,35,1,0
BRDA:410,36,0,0
BRDA:410,36,1,0
BRDA:420,37,0,0
BRDA:420,37,1,0
BRDA:429,38,0,0
BRDA:429,38,1,0
BRDA:439,39,0,0
BRDA:439,39,1,0
BRDA:451,40,0,0
BRDA:451,40,1,0
BRDA:459,41,0,0
BRDA:459,41,1,0
BRDA:464,42,0,0
BRDA:464,42,1,0
BRDA:467,43,0,0
BRDA:467,43,1,0
BRF:94
BRH:0
end_of_record
TN:
SF:src\components\ReportPickerModal.tsx
FN:46,formatDate
FN:55,getSyncStatusColor
FN:68,getSyncStatusBgColor
FN:90,ReportItem
FN:94,(anonymous_4)
FN:131,ReportPickerModal
FN:141,(anonymous_6)
FN:147,(anonymous_7)
FN:168,(anonymous_8)
FN:172,(anonymous_9)
FN:176,(anonymous_10)
FN:186,(anonymous_11)
FN:238,(anonymous_12)
FNF:13
FNH:0
FNDA:0,formatDate
FNDA:0,getSyncStatusColor
FNDA:0,getSyncStatusBgColor
FNDA:0,ReportItem
FNDA:0,(anonymous_4)
FNDA:0,ReportPickerModal
FNDA:0,(anonymous_6)
FNDA:0,(anonymous_7)
FNDA:0,(anonymous_8)
FNDA:0,(anonymous_9)
FNDA:0,(anonymous_10)
FNDA:0,(anonymous_11)
FNDA:0,(anonymous_12)
DA:24,0
DA:25,0
DA:26,0
DA:29,0
DA:47,0
DA:48,0
DA:56,0
DA:58,0
DA:60,0
DA:62,0
DA:64,0
DA:69,0
DA:71,0
DA:73,0
DA:75,0
DA:77,0
DA:91,0
DA:94,0
DA:137,0
DA:138,0
DA:141,0
DA:142,0
DA:143,0
DA:147,0
DA:148,0
DA:150,0
DA:151,0
DA:152,0
DA:155,0
DA:156,0
DA:157,0
DA:158,0
DA:160,0
DA:162,0
DA:164,0
DA:168,0
DA:169,0
DA:172,0
DA:173,0
DA:176,0
DA:177,0
DA:186,0
DA:187,0
DA:193,0
DA:238,0
DA:270,0
LF:46
LH:0
BRDA:56,0,0,0
BRDA:56,0,1,0
BRDA:56,0,2,0
BRDA:56,0,3,0
BRDA:69,1,0,0
BRDA:69,1,1,0
BRDA:69,1,2,0
BRDA:69,1,3,0
BRDA:97,2,0,0
BRDA:97,2,1,0
BRDA:101,3,0,0
BRDA:101,3,1,0
BRDA:142,4,0,0
BRDA:142,4,1,0
BRDA:148,5,0,0
BRDA:148,5,1,0
BRDA:232,6,0,0
BRDA:232,6,1,0
BRDA:240,7,0,0
BRDA:240,7,1,0
BRF:20
BRH:0
end_of_record
TN:
SF:src\components\ReviewActionDialog.tsx
FN:97,ReviewActionDialog
FN:111,(anonymous_1)
FN:136,(anonymous_2)
FN:143,(anonymous_3)
FN:144,(anonymous_4)
FN:146,(anonymous_5)
FN:179,(anonymous_6)
FN:187,(anonymous_7)
FNF:8
FNH:0
FNDA:0,ReviewActionDialog
FNDA:0,(anonymous_1)
FNDA:0,(anonymous_2)
FNDA:0,(anonymous_3)
FNDA:0,(anonymous_4)
FNDA:0,(anonymous_5)
FNDA:0,(anonymous_6)
FNDA:0,(anonymous_7)
DA:50,0
DA:82,0
DA:104,0
DA:105,0
DA:106,0
DA:107,0
DA:109,0
DA:111,0
DA:112,0
DA:115,0
DA:116,0
DA:117,0
DA:120,0
DA:121,0
DA:122,0
DA:127,0
DA:128,0
DA:130,0
DA:132,0
DA:136,0
DA:137,0
DA:138,0
DA:139,0
DA:140,0
DA:143,0
DA:144,0
DA:145,0
DA:146,0
DA:151,0
DA:180,0
DA:187,0
DA:262,0
LF:32
LH:0
BRDA:115,0,0,0
BRDA:115,0,1,0
BRDA:115,1,0,0
BRDA:115,1,1,0
BRDA:124,2,0,0
BRDA:124,2,1,0
BRDA:130,3,0,0
BRDA:130,3,1,0
BRDA:145,4,0,0
BRDA:145,4,1,0
BRDA:160,5,0,0
BRDA:160,5,1,0
BRDA:175,6,0,0
BRDA:175,6,1,0
BRDA:184,7,0,0
BRDA:184,7,1,0
BRDA:192,8,0,0
BRDA:192,8,1,0
BRDA:207,9,0,0
BRDA:207,9,1,0
BRDA:222,10,0,0
BRDA:222,10,1,0
BRDA:243,11,0,0
BRDA:243,11,1,0
BRDA:248,12,0,0
BRDA:248,12,1,0
BRF:26
BRH:0
end_of_record
TN:
SF:src\components\ReviewCommentsPanel.tsx
FN:89,ReviewCommentsPanel
FN:105,(anonymous_1)
FN:116,(anonymous_2)
FN:118,(anonymous_3)
FN:121,(anonymous_4)
FN:128,(anonymous_5)
FN:129,(anonymous_6)
FN:131,(anonymous_7)
FN:137,(anonymous_8)
FN:143,(anonymous_9)
FN:144,(anonymous_10)
FN:157,(anonymous_11)
FN:158,(anonymous_12)
FN:159,(anonymous_13)
FN:160,(anonymous_14)
FN:164,(anonymous_15)
FN:173,(anonymous_16)
FN:239,(anonymous_17)
FN:253,(anonymous_18)
FN:284,(anonymous_19)
FN:348,(anonymous_20)
FNF:21
FNH:0
FNDA:0,ReviewCommentsPanel
FNDA:0,(anonymous_1)
FNDA:0,(anonymous_2)
FNDA:0,(anonymous_3)
FNDA:0,(anonymous_4)
FNDA:0,(anonymous_5)
FNDA:0,(anonymous_6)
FNDA:0,(anonymous_7)
FNDA:0,(anonymous_8)
FNDA:0,(anonymous_9)
FNDA:0,(anonymous_10)
FNDA:0,(anonymous_11)
FNDA:0,(anonymous_12)
FNDA:0,(anonymous_13)
FNDA:0,(anonymous_14)
FNDA:0,(anonymous_15)
FNDA:0,(anonymous_16)
FNDA:0,(anonymous_17)
FNDA:0,(anonymous_18)
FNDA:0,(anonymous_19)
FNDA:0,(anonymous_20)
DA:58,0
DA:94,0
DA:95,0
DA:96,0
DA:97,0
DA:98,0
DA:99,0
DA:105,0
DA:106,0
DA:107,0
DA:108,0
DA:109,0
DA:110,0
DA:112,0
DA:116,0
DA:117,0
DA:118,0
DA:121,0
DA:122,0
DA:123,0
DA:124,0
DA:128,0
DA:129,0
DA:130,0
DA:131,0
DA:137,0
DA:138,0
DA:139,0
DA:143,0
DA:144,0
DA:147,0
DA:148,0
DA:151,0
DA:156,0
DA:157,0
DA:158,0
DA:159,0
DA:160,0
DA:164,0
DA:165,0
DA:166,0
DA:167,0
DA:168,0
DA:169,0
DA:173,0
DA:174,0
DA:182,0
DA:183,0
DA:191,0
DA:192,0
DA:202,0
DA:240,0
DA:241,0
DA:243,0
DA:244,0
DA:246,0
DA:253,0
DA:285,0
DA:287,0
DA:349,0
DA:381,0
LF:61
LH:0
BRDA:91,0,0,0
BRDA:108,1,0,0
BRDA:108,1,1,0
BRDA:109,2,0,0
BRDA:109,2,1,0
BRDA:112,3,0,0
BRDA:112,3,1,0
BRDA:130,4,0,0
BRDA:130,4,1,0
BRDA:144,5,0,0
BRDA:144,5,1,0
BRDA:147,6,0,0
BRDA:147,6,1,0
BRDA:165,7,0,0
BRDA:165,7,1,0
BRDA:166,8,0,0
BRDA:166,8,1,0
BRDA:167,9,0,0
BRDA:167,9,1,0
BRDA:168,10,0,0
BRDA:168,10,1,0
BRDA:182,11,0,0
BRDA:182,11,1,0
BRDA:191,12,0,0
BRDA:191,12,1,0
BRDA:207,13,0,0
BRDA:207,13,1,0
BRDA:215,14,0,0
BRDA:215,14,1,0
BRDA:215,14,2,0
BRDA:233,15,0,0
BRDA:233,15,1,0
BRDA:241,16,0,0
BRDA:241,16,1,0
BRDA:278,17,0,0
BRDA:278,17,1,0
BRDA:282,18,0,0
BRDA:282,18,1,0
BRDA:296,19,0,0
BRDA:296,19,1,0
BRDA:301,20,0,0
BRDA:301,20,1,0
BRDA:313,21,0,0
BRDA:313,21,1,0
BRDA:328,22,0,0
BRDA:328,22,1,0
BRDA:341,23,0,0
BRDA:341,23,1,0
BRDA:345,24,0,0
BRDA:345,24,1,0
BRDA:355,25,0,0
BRDA:355,25,1,0
BRDA:359,26,0,0
BRDA:359,26,1,0
BRF:54
BRH:0
end_of_record
TN:
SF:src\components\SyncErrorSheet.tsx
FN:34,SyncErrorSheet
FN:40,(anonymous_1)
FN:46,(anonymous_2)
FN:58,(anonymous_3)
FN:59,(anonymous_4)
FN:71,(anonymous_5)
FN:72,(anonymous_6)
FN:84,(anonymous_7)
FN:96,(anonymous_8)
FN:111,(anonymous_9)
FN:115,(anonymous_10)
FN:159,(anonymous_11)
FNF:12
FNH:0
FNDA:0,SyncErrorSheet
FNDA:0,(anonymous_1)
FNDA:0,(anonymous_2)
FNDA:0,(anonymous_3)
FNDA:0,(anonymous_4)
FNDA:0,(anonymous_5)
FNDA:0,(anonymous_6)
FNDA:0,(anonymous_7)
FNDA:0,(anonymous_8)
FNDA:0,(anonymous_9)
FNDA:0,(anonymous_10)
FNDA:0,(anonymous_11)
DA:35,0
DA:36,0
DA:37,0
DA:38,0
DA:40,0
DA:41,0
DA:42,0
DA:46,0
DA:47,0
DA:48,0
DA:49,0
DA:54,0
DA:57,0
DA:58,0
DA:60,0
DA:70,0
DA:71,0
DA:73,0
DA:83,0
DA:85,0
DA:88,0
DA:90,0
DA:92,0
DA:96,0
DA:97,0
DA:98,0
DA:99,0
DA:100,0
DA:101,0
DA:102,0
DA:105,0
DA:107,0
DA:111,0
DA:112,0
DA:115,0
DA:116,0
DA:117,0
DA:120,0
DA:160,0
DA:231,0
DA:233,0
LF:41
LH:0
BRDA:41,0,0,0
BRDA:41,0,1,0
BRDA:63,1,0,0
BRDA:63,1,1,0
BRDA:76,2,0,0
BRDA:76,2,1,0
BRDA:101,3,0,0
BRDA:101,3,1,0
BRDA:112,4,0,0
BRDA:112,4,1,0
BRDA:136,5,0,0
BRDA:136,5,1,0
BRDA:142,6,0,0
BRDA:142,6,1,0
BRDA:146,7,0,0
BRDA:146,7,1,0
BRDA:168,8,0,0
BRDA:168,8,1,0
BRDA:173,9,0,0
BRDA:173,9,1,0
BRDA:187,10,0,0
BRDA:187,10,1,0
BRDA:203,11,0,0
BRDA:203,11,1,0
BRDA:208,12,0,0
BRDA:208,12,1,0
BRDA:208,12,2,0
BRDA:208,12,3,0
BRDA:212,13,0,0
BRDA:212,13,1,0
BRDA:212,13,2,0
BRDA:214,14,0,0
BRDA:214,14,1,0
BRDA:214,15,0,0
BRDA:214,15,1,0
BRF:35
BRH:0
end_of_record
TN:
SF:src\components\SyncSettingsCard.tsx
FN:20,SyncSettingsCard
FN:38,(anonymous_1)
FN:42,(anonymous_2)
FN:46,(anonymous_3)
FN:50,(anonymous_4)
FNF:5
FNH:0
FNDA:0,SyncSettingsCard
FNDA:0,(anonymous_1)
FNDA:0,(anonymous_2)
FNDA:0,(anonymous_3)
FNDA:0,(anonymous_4)
DA:28,0
DA:30,0
DA:31,0
DA:38,0
DA:39,0
DA:42,0
DA:43,0
DA:46,0
DA:47,0
DA:50,0
DA:51,0
DA:54,0
DA:141,0
LF:13
LH:0
BRDA:30,0,0,0
BRDA:30,0,1,0
BRDA:30,1,0,0
BRDA:30,1,1,0
BRDA:58,2,0,0
BRDA:58,2,1,0
BRDA:67,3,0,0
BRDA:67,3,1,0
BRDA:69,4,0,0
BRDA:69,4,1,0
BRDA:69,5,0,0
BRDA:69,5,1,0
BRDA:88,6,0,0
BRDA:88,6,1,0
BRDA:107,7,0,0
BRDA:107,7,1,0
BRDA:122,8,0,0
BRDA:122,8,1,0
BRF:18
BRH:0
end_of_record
TN:
SF:src\components\SyncStatus.tsx
FN:24,SyncStatus
FN:43,(anonymous_1)
FN:49,(anonymous_2)
FN:57,(anonymous_3)
FN:65,(anonymous_4)
FN:73,(anonymous_5)
FN:98,(anonymous_6)
FN:273,SyncIndicator
FN:276,(anonymous_8)
FNF:9
FNH:0
FNDA:0,SyncStatus
FNDA:0,(anonymous_1)
FNDA:0,(anonymous_2)
FNDA:0,(anonymous_3)
FNDA:0,(anonymous_4)
FNDA:0,(anonymous_5)
FNDA:0,(anonymous_6)
FNDA:0,SyncIndicator
FNDA:0,(anonymous_8)
DA:39,0
DA:41,0
DA:43,0
DA:44,0
DA:45,0
DA:49,0
DA:50,0
DA:51,0
DA:57,0
DA:58,0
DA:59,0
DA:65,0
DA:66,0
DA:67,0
DA:68,0
DA:69,0
DA:70,0
DA:73,0
DA:74,0
DA:75,0
DA:77,0
DA:78,0
DA:79,0
DA:81,0
DA:82,0
DA:84,0
DA:85,0
DA:89,0
DA:91,0
DA:92,0
DA:93,0
DA:95,0
DA:98,0
DA:99,0
DA:101,0
DA:102,0
DA:103,0
DA:104,0
DA:105,0
DA:106,0
DA:108,0
DA:109,0
DA:110,0
DA:111,0
DA:114,0
DA:115,0
DA:116,0
DA:118,0
DA:274,0
DA:276,0
DA:277,0
DA:278,0
DA:279,0
DA:280,0
DA:283,0
DA:294,0
LF:56
LH:0
BRDA:25,0,0,0
BRDA:26,1,0,0
BRDA:27,2,0,0
BRDA:44,3,0,0
BRDA:44,3,1,0
BRDA:44,4,0,0
BRDA:44,4,1,0
BRDA:66,5,0,0
BRDA:66,5,1,0
BRDA:67,6,0,0
BRDA:67,6,1,0
BRDA:68,7,0,0
BRDA:68,7,1,0
BRDA:69,8,0,0
BRDA:69,8,1,0
BRDA:69,9,0,0
BRDA:69,9,1,0
BRDA:74,10,0,0
BRDA:74,10,1,0
BRDA:75,11,0,0
BRDA:75,11,1,0
BRDA:77,12,0,0
BRDA:77,12,1,0
BRDA:77,13,0,0
BRDA:77,13,1,0
BRDA:78,14,0,0
BRDA:78,14,1,0
BRDA:81,15,0,0
BRDA:81,15,1,0
BRDA:84,16,0,0
BRDA:84,16,1,0
BRDA:89,17,0,0
BRDA:89,17,1,0
BRDA:91,18,0,0
BRDA:91,18,1,0
BRDA:92,19,0,0
BRDA:92,19,1,0
BRDA:92,20,0,0
BRDA:92,20,1,0
BRDA:99,21,0,0
BRDA:99,21,1,0
BRDA:108,22,0,0
BRDA:108,22,1,0
BRDA:109,23,0,0
BRDA:109,23,1,0
BRDA:110,24,0,0
BRDA:110,24,1,0
BRDA:123,25,0,0
BRDA:123,25,1,0
BRDA:124,26,0,0
BRDA:124,26,1,0
BRDA:131,27,0,0
BRDA:131,27,1,0
BRDA:137,28,0,0
BRDA:137,28,1,0
BRDA:143,29,0,0
BRDA:143,29,1,0
BRDA:148,30,0,0
BRDA:148,30,1,0
BRDA:149,31,0,0
BRDA:149,31,1,0
BRDA:156,32,0,0
BRDA:156,32,1,0
BRDA:156,32,2,0
BRDA:159,33,0,0
BRDA:159,33,1,0
BRDA:159,33,2,0
BRDA:159,33,3,0
BRDA:159,33,4,0
BRDA:167,34,0,0
BRDA:167,34,1,0
BRDA:167,34,2,0
BRDA:169,35,0,0
BRDA:169,35,1,0
BRDA:175,36,0,0
BRDA:175,36,1,0
BRDA:175,36,2,0
BRDA:190,37,0,0
BRDA:190,37,1,0
BRDA:190,37,2,0
BRDA:195,38,0,0
BRDA:195,38,1,0
BRDA:202,39,0,0
BRDA:202,39,1,0
BRDA:209,40,0,0
BRDA:209,40,1,0
BRDA:219,41,0,0
BRDA:219,41,1,0
BRDA:221,42,0,0
BRDA:221,42,1,0
BRDA:225,43,0,0
BRDA:225,43,1,0
BRDA:234,44,0,0
BRDA:234,44,1,0
BRDA:247,45,0,0
BRDA:247,45,1,0
BRDA:250,46,0,0
BRDA:250,46,1,0
BRDA:254,47,0,0
BRDA:254,47,1,0
BRDA:258,48,0,0
BRDA:258,48,1,0
BRDA:277,49,0,0
BRDA:277,49,1,0
BRDA:278,50,0,0
BRDA:278,50,1,0
BRDA:279,51,0,0
BRDA:279,51,1,0
BRDA:279,52,0,0
BRDA:279,52,1,0
BRDA:285,53,0,0
BRDA:285,53,1,0
BRF:112
BRH:0
end_of_record
TN:
SF:src\components\SyncStatusBar.tsx
FN:33,SyncStatusBar
FN:107,formatLastSync
FNF:2
FNH:0
FNDA:0,SyncStatusBar
FNDA:0,formatLastSync
DA:42,0
DA:43,0
DA:45,0
DA:108,0
DA:109,0
DA:110,0
DA:111,0
DA:112,0
DA:114,0
DA:115,0
DA:116,0
DA:117,0
DA:119,0
DA:123,0
LF:14
LH:0
BRDA:46,0,0,0
BRDA:46,0,1,0
BRDA:50,1,0,0
BRDA:50,1,1,0
BRDA:52,2,0,0
BRDA:52,2,1,0
BRDA:56,3,0,0
BRDA:56,3,1,0
BRDA:63,4,0,0
BRDA:63,4,1,0
BRDA:68,5,0,0
BRDA:68,5,1,0
BRDA:82,6,0,0
BRDA:82,6,1,0
BRDA:82,6,2,0
BRDA:86,7,0,0
BRDA:86,7,1,0
BRDA:91,8,0,0
BRDA:91,8,1,0
BRDA:91,8,2,0
BRDA:100,9,0,0
BRDA:100,9,1,0
BRDA:100,9,2,0
BRDA:114,10,0,0
BRDA:114,10,1,0
BRDA:115,11,0,0
BRDA:115,11,1,0
BRDA:116,12,0,0
BRDA:116,12,1,0
BRF:29
BRH:0
end_of_record
TN:
SF:src\components\SyncToast.tsx
FN:35,SyncToast
FN:39,(anonymous_1)
FN:56,(anonymous_2)
FN:60,(anonymous_3)
FN:63,(anonymous_4)
FN:75,(anonymous_5)
FN:80,(anonymous_6)
FN:131,(anonymous_7)
FN:158,ToastContainer
FN:163,(anonymous_9)
FN:179,useToast
FN:182,(anonymous_11)
FN:184,(anonymous_12)
FN:188,(anonymous_13)
FN:189,(anonymous_14)
FN:189,(anonymous_15)
FN:192,(anonymous_16)
FN:197,(anonymous_17)
FN:200,(anonymous_18)
FN:203,(anonymous_19)
FN:206,(anonymous_20)
FN:209,(anonymous_21)
FNF:22
FNH:0
FNDA:0,SyncToast
FNDA:0,(anonymous_1)
FNDA:0,(anonymous_2)
FNDA:0,(anonymous_3)
FNDA:0,(anonymous_4)
FNDA:0,(anonymous_5)
FNDA:0,(anonymous_6)
FNDA:0,(anonymous_7)
FNDA:0,ToastContainer
FNDA:0,(anonymous_9)
FNDA:0,useToast
FNDA:0,(anonymous_11)
FNDA:0,(anonymous_12)
FNDA:0,(anonymous_13)
FNDA:0,(anonymous_14)
FNDA:0,(anonymous_15)
FNDA:0,(anonymous_16)
FNDA:0,(anonymous_17)
FNDA:0,(anonymous_18)
FNDA:0,(anonymous_19)
FNDA:0,(anonymous_20)
FNDA:0,(anonymous_21)
DA:36,0
DA:37,0
DA:39,0
DA:41,0
DA:55,0
DA:56,0
DA:57,0
DA:60,0
DA:63,0
DA:64,0
DA:76,0
DA:80,0
DA:81,0
DA:83,0
DA:85,0
DA:87,0
DA:89,0
DA:92,0
DA:96,0
DA:98,0
DA:132,0
DA:133,0
DA:159,0
DA:161,0
DA:164,0
DA:180,0
DA:182,0
DA:183,0
DA:184,0
DA:185,0
DA:188,0
DA:189,0
DA:192,0
DA:193,0
DA:197,0
DA:198,0
DA:200,0
DA:201,0
DA:203,0
DA:204,0
DA:206,0
DA:207,0
DA:209,0
DA:210,0
DA:218,0
DA:231,0
DA:233,0
LF:47
LH:0
BRDA:55,0,0,0
BRDA:55,0,1,0
BRDA:81,1,0,0
BRDA:81,1,1,0
BRDA:81,1,2,0
BRDA:81,1,3,0
BRDA:81,1,4,0
BRDA:81,1,5,0
BRDA:121,2,0,0
BRDA:121,2,1,0
BRDA:128,3,0,0
BRDA:128,3,1,0
BRDA:159,4,0,0
BRDA:159,4,1,0
BRDA:212,5,0,0
BRDA:212,5,1,0
BRF:16
BRH:0
end_of_record
TN:
SF:src\components\VideoCapture.tsx
FN:38,VideoCapture
FN:59,(anonymous_1)
FN:63,(anonymous_2)
FN:74,(anonymous_3)
FN:83,(anonymous_4)
FN:94,(anonymous_5)
FN:119,(anonymous_6)
FN:146,(anonymous_7)
FN:154,(anonymous_8)
FN:163,(anonymous_9)
FN:173,(anonymous_10)
FN:186,(anonymous_11)
FNF:12
FNH:0
FNDA:0,VideoCapture
FNDA:0,(anonymous_1)
FNDA:0,(anonymous_2)
FNDA:0,(anonymous_3)
FNDA:0,(anonymous_4)
FNDA:0,(anonymous_5)
FNDA:0,(anonymous_6)
FNDA:0,(anonymous_7)
FNDA:0,(anonymous_8)
FNDA:0,(anonymous_9)
FNDA:0,(anonymous_10)
FNDA:0,(anonymous_11)
DA:36,0
DA:45,0
DA:46,0
DA:47,0
DA:48,0
DA:49,0
DA:53,0
DA:56,0
DA:59,0
DA:60,0
DA:63,0
DA:64,0
DA:65,0
DA:67,0
DA:68,0
DA:69,0
DA:74,0
DA:75,0
DA:78,0
DA:79,0
DA:83,0
DA:84,0
DA:85,0
DA:88,0
DA:89,0
DA:94,0
DA:95,0
DA:97,0
DA:98,0
DA:99,0
DA:106,0
DA:107,0
DA:108,0
DA:110,0
DA:113,0
DA:115,0
DA:119,0
DA:120,0
DA:122,0
DA:123,0
DA:124,0
DA:131,0
DA:132,0
DA:134,0
DA:135,0
DA:137,0
DA:140,0
DA:142,0
DA:146,0
DA:147,0
DA:149,0
DA:155,0
DA:156,0
DA:157,0
DA:163,0
DA:164,0
DA:165,0
DA:168,0
DA:170,0
DA:173,0
DA:174,0
DA:176,0
DA:178,0
DA:180,0
DA:182,0
DA:186,0
DA:187,0
DA:190,0
DA:313,0
LF:69
LH:0
BRDA:68,0,0,0
BRDA:68,0,1,0
BRDA:78,1,0,0
BRDA:78,1,1,0
BRDA:88,2,0,0
BRDA:88,2,1,0
BRDA:88,3,0,0
BRDA:88,3,1,0
BRDA:95,4,0,0
BRDA:95,4,1,0
BRDA:95,5,0,0
BRDA:95,5,1,0
BRDA:106,6,0,0
BRDA:106,6,1,0
BRDA:120,7,0,0
BRDA:120,7,1,0
BRDA:120,8,0,0
BRDA:120,8,1,0
BRDA:134,9,0,0
BRDA:134,9,1,0
BRDA:134,10,0,0
BRDA:134,10,1,0
BRDA:137,11,0,0
BRDA:137,11,1,0
BRDA:147,12,0,0
BRDA:147,12,1,0
BRDA:164,13,0,0
BRDA:164,13,1,0
BRDA:174,14,0,0
BRDA:174,14,1,0
BRDA:174,14,2,0
BRDA:174,14,3,0
BRDA:205,15,0,0
BRDA:205,15,1,0
BRDA:214,16,0,0
BRDA:214,16,1,0
BRDA:224,17,0,0
BRDA:224,17,1,0
BRDA:235,18,0,0
BRDA:235,18,1,0
BRDA:247,19,0,0
BRDA:247,19,1,0
BRDA:259,20,0,0
BRDA:259,20,1,0
BRDA:271,21,0,0
BRDA:271,21,1,0
BRDA:282,22,0,0
BRDA:282,22,1,0
BRDA:296,23,0,0
BRDA:296,23,1,0
BRF:50
BRH:0
end_of_record
TN:
SF:src\components\VoiceNoteRecorder.tsx
FN:30,VoiceNoteRecorder
FN:45,(anonymous_1)
FN:61,(anonymous_2)
FN:66,(anonymous_3)
FN:67,(anonymous_4)
FN:72,(anonymous_5)
FN:96,(anonymous_6)
FN:120,(anonymous_7)
FN:126,(anonymous_8)
FN:140,(anonymous_9)
FN:149,(anonymous_10)
FN:163,(anonymous_11)
FN:171,(anonymous_12)
FN:190,(anonymous_13)
FN:252,(anonymous_14)
FNF:15
FNH:0
FNDA:0,VoiceNoteRecorder
FNDA:0,(anonymous_1)
FNDA:0,(anonymous_2)
FNDA:0,(anonymous_3)
FNDA:0,(anonymous_4)
FNDA:0,(anonymous_5)
FNDA:0,(anonymous_6)
FNDA:0,(anonymous_7)
FNDA:0,(anonymous_8)
FNDA:0,(anonymous_9)
FNDA:0,(anonymous_10)
FNDA:0,(anonymous_11)
FNDA:0,(anonymous_12)
FNDA:0,(anonymous_13)
FNDA:0,(anonymous_14)
DA:38,0
DA:39,0
DA:40,0
DA:41,0
DA:42,0
DA:45,0
DA:46,0
DA:48,0
DA:50,0
DA:51,0
DA:53,0
DA:55,0
DA:57,0
DA:61,0
DA:62,0
DA:66,0
DA:67,0
DA:68,0
DA:72,0
DA:73,0
DA:74,0
DA:75,0
DA:80,0
DA:81,0
DA:82,0
DA:84,0
DA:90,0
DA:92,0
DA:96,0
DA:97,0
DA:98,0
DA:99,0
DA:104,0
DA:105,0
DA:107,0
DA:108,0
DA:109,0
DA:111,0
DA:114,0
DA:116,0
DA:120,0
DA:121,0
DA:122,0
DA:123,0
DA:126,0
DA:127,0
DA:128,0
DA:129,0
DA:130,0
DA:132,0
DA:133,0
DA:136,0
DA:140,0
DA:141,0
DA:150,0
DA:151,0
DA:152,0
DA:153,0
DA:155,0
DA:163,0
DA:164,0
DA:165,0
DA:167,0
DA:171,0
DA:190,0
DA:198,0
DA:252,0
DA:262,0
LF:68
LH:0
BRDA:36,0,0,0
BRDA:46,1,0,0
BRDA:46,1,1,0
BRDA:50,2,0,0
BRDA:50,2,1,0
BRDA:80,3,0,0
BRDA:80,3,1,0
BRDA:107,4,0,0
BRDA:107,4,1,0
BRDA:107,5,0,0
BRDA:107,5,1,0
BRDA:111,6,0,0
BRDA:111,6,1,0
BRDA:128,7,0,0
BRDA:128,7,1,0
BRDA:170,8,0,0
BRDA:170,8,1,0
BRDA:173,9,0,0
BRDA:173,9,1,0
BRDA:202,10,0,0
BRDA:202,10,1,0
BRDA:230,11,0,0
BRDA:230,11,1,0
BRDA:238,12,0,0
BRDA:238,12,1,0
BRDA:245,13,0,0
BRDA:245,13,1,0
BRDA:245,13,2,0
BRF:28
BRH:0
end_of_record
TN:
SF:src\components\index.ts
FNF:0
FNH:0
LF:0
LH:0
BRF:0
BRH:0
end_of_record
TN:
SF:src\components\badges\ClassificationBadge.tsx
FN:30,ClassificationBadge
FNF:1
FNH:0
FNDA:0,ClassificationBadge
DA:9,0
DA:17,0
DA:31,0
DA:32,0
DA:34,0
DA:40,0
DA:49,0
LF:7
LH:0
BRDA:30,0,0,0
BRDA:31,1,0,0
BRDA:31,1,1,0
BRDA:32,2,0,0
BRDA:32,2,1,0
BRF:5
BRH:0
end_of_record
TN:
SF:src\components\badges\ConditionBadge.tsx
FN:30,ConditionBadge
FNF:1
FNH:0
FNDA:0,ConditionBadge
DA:9,0
DA:17,0
DA:31,0
DA:32,0
DA:34,0
DA:40,0
DA:49,0
LF:7
LH:0
BRDA:30,0,0,0
BRDA:31,1,0,0
BRDA:31,1,1,0
BRDA:32,2,0,0
BRDA:32,2,1,0
BRF:5
BRH:0
end_of_record
TN:
SF:src\components\badges\RoleBadge.tsx
FN:36,RoleBadge
FNF:1
FNH:0
FNDA:0,RoleBadge
DA:18,0
DA:37,0
DA:39,0
DA:45,0
DA:71,0
LF:5
LH:0
BRDA:36,0,0,0
BRDA:37,1,0,0
BRDA:37,1,1,0
BRF:3
BRH:0
end_of_record
TN:
SF:src\components\badges\SeverityBadge.tsx
FN:28,SeverityBadge
FNF:1
FNH:0
FNDA:0,SeverityBadge
DA:9,0
DA:16,0
DA:29,0
DA:30,0
DA:32,0
DA:38,0
DA:47,0
LF:7
LH:0
BRDA:28,0,0,0
BRDA:29,1,0,0
BRDA:29,1,1,0
BRDA:30,2,0,0
BRDA:30,2,1,0
BRF:5
BRH:0
end_of_record
TN:
SF:src\components\badges\StatusBadge.tsx
FN:46,StatusBadge
FNF:1
FNH:0
FNDA:0,StatusBadge
DA:18,0
DA:47,0
DA:49,0
DA:55,0
DA:81,0
LF:5
LH:0
BRDA:46,0,0,0
BRDA:47,1,0,0
BRDA:47,1,1,0
BRF:3
BRH:0
end_of_record
TN:
SF:src\components\badges\index.ts
FNF:0
FNH:0
LF:0
LH:0
BRF:0
BRH:0
end_of_record
TN:
SF:src\config\environment.ts
FN:54,getCurrentEnvironment
FN:73,getConfig
FN:85,isDevelopment
FN:89,isPreview
FN:93,isProduction
FN:100,envLog
FN:109,envWarn
FN:118,envError
FNF:8
FNH:0
FNDA:0,getCurrentEnvironment
FNDA:0,getConfig
FNDA:0,isDevelopment
FNDA:0,isPreview
FNDA:0,isProduction
FNDA:0,envLog
FNDA:0,envWarn
FNDA:0,envError
DA:29,0
DA:55,0
DA:57,0
DA:58,0
DA:62,0
DA:63,0
DA:67,0
DA:74,0
DA:75,0
DA:82,0
DA:86,0
DA:90,0
DA:94,0
DA:101,0
DA:102,0
DA:110,0
DA:111,0
DA:119,0
LF:18
LH:0
BRDA:31,0,0,0
BRDA:31,0,1,0
BRDA:37,1,0,0
BRDA:37,1,1,0
BRDA:38,2,0,0
BRDA:38,2,1,0
BRDA:43,3,0,0
BRDA:43,3,1,0
BRDA:44,4,0,0
BRDA:44,4,1,0
BRDA:57,5,0,0
BRDA:57,5,1,0
BRDA:57,6,0,0
BRDA:57,6,1,0
BRDA:57,6,2,0
BRDA:62,7,0,0
BRDA:62,7,1,0
BRDA:101,8,0,0
BRDA:101,8,1,0
BRDA:110,9,0,0
BRDA:110,9,1,0
BRF:21
BRH:0
end_of_record
TN:
SF:src\constants\auth.ts
FNF:0
FNH:0
DA:14,0
DA:38,0
DA:52,0
DA:68,0
DA:80,0
LF:5
LH:0
BRDA:15,0,0,0
BRDA:15,0,1,0
BRF:2
BRH:0
end_of_record
TN:
SF:src\contexts\SyncContext.tsx
FN:39,useSyncContext
FN:51,SyncProvider
FN:69,(anonymous_2)
FN:77,(anonymous_3)
FN:105,(anonymous_4)
FN:113,(anonymous_5)
FN:124,(anonymous_6)
FN:131,(anonymous_7)
FN:138,(anonymous_8)
FN:139,(anonymous_9)
FN:146,(anonymous_10)
FN:149,(anonymous_11)
FN:162,(anonymous_12)
FN:174,(anonymous_13)
FNF:14
FNH:0
FNDA:0,useSyncContext
FNDA:0,SyncProvider
FNDA:0,(anonymous_2)
FNDA:0,(anonymous_3)
FNDA:0,(anonymous_4)
FNDA:0,(anonymous_5)
FNDA:0,(anonymous_6)
FNDA:0,(anonymous_7)
FNDA:0,(anonymous_8)
FNDA:0,(anonymous_9)
FNDA:0,(anonymous_10)
FNDA:0,(anonymous_11)
FNDA:0,(anonymous_12)
FNDA:0,(anonymous_13)
DA:37,0
DA:40,0
DA:41,0
DA:42,0
DA:44,0
DA:61,0
DA:64,0
DA:65,0
DA:68,0
DA:70,0
DA:76,0
DA:78,0
DA:79,0
DA:80,0
DA:84,0
DA:89,0
DA:93,0
DA:94,0
DA:104,0
DA:106,0
DA:112,0
DA:115,0
DA:116,0
DA:117,0
DA:118,0
DA:124,0
DA:125,0
DA:127,0
DA:131,0
DA:132,0
DA:133,0
DA:138,0
DA:139,0
DA:141,0
DA:142,0
DA:146,0
DA:147,0
DA:149,0
DA:157,0
DA:158,0
DA:162,0
DA:163,0
DA:167,0
DA:168,0
DA:169,0
DA:174,0
DA:179,0
DA:194,0
LF:48
LH:0
BRDA:41,0,0,0
BRDA:41,0,1,0
BRDA:78,1,0,0
BRDA:78,1,1,0
BRDA:82,2,0,0
BRDA:82,2,1,0
BRDA:93,3,0,0
BRDA:93,3,1,0
BRDA:132,4,0,0
BRDA:132,4,1,0
BRDA:141,5,0,0
BRDA:141,5,1,0
BRDA:147,6,0,0
BRDA:147,6,1,0
BRF:14
BRH:0
end_of_record
TN:
SF:src\hooks\index.ts
FNF:0
FNH:0
LF:0
LH:0
BRF:0
BRH:0
end_of_record
TN:
SF:src\hooks\useAuth.ts
FN:36,useAuth
FN:40,(anonymous_1)
FN:41,(anonymous_2)
FN:46,(anonymous_3)
FN:50,(anonymous_4)
FNF:5
FNH:0
FNDA:0,useAuth
FNDA:0,(anonymous_1)
FNDA:0,(anonymous_2)
FNDA:0,(anonymous_3)
FNDA:0,(anonymous_4)
DA:37,0
DA:40,0
DA:41,0
DA:42,0
DA:46,0
DA:47,0
DA:50,0
DA:53,0
LF:8
LH:0
BRF:0
BRH:0
end_of_record
TN:
SF:src\hooks\useLocalDB.ts
FN:22,getSqlite
FN:27,useLocalDB
FN:32,(anonymous_2)
FN:47,(anonymous_3)
FN:62,(anonymous_4)
FN:77,(anonymous_5)
FN:95,(anonymous_6)
FN:107,(anonymous_7)
FN:118,(anonymous_8)
FN:129,(anonymous_9)
FN:141,(anonymous_10)
FN:152,(anonymous_11)
FN:163,(anonymous_12)
FN:174,(anonymous_13)
FN:186,(anonymous_14)
FN:198,(anonymous_15)
FN:210,(anonymous_16)
FN:221,(anonymous_17)
FN:232,(anonymous_18)
FN:243,(anonymous_19)
FN:254,(anonymous_20)
FN:265,(anonymous_21)
FN:286,(anonymous_22)
FN:297,(anonymous_23)
FN:309,(anonymous_24)
FNF:25
FNH:0
FNDA:0,getSqlite
FNDA:0,useLocalDB
FNDA:0,(anonymous_2)
FNDA:0,(anonymous_3)
FNDA:0,(anonymous_4)
FNDA:0,(anonymous_5)
FNDA:0,(anonymous_6)
FNDA:0,(anonymous_7)
FNDA:0,(anonymous_8)
FNDA:0,(anonymous_9)
FNDA:0,(anonymous_10)
FNDA:0,(anonymous_11)
FNDA:0,(anonymous_12)
FNDA:0,(anonymous_13)
FNDA:0,(anonymous_14)
FNDA:0,(anonymous_15)
FNDA:0,(anonymous_16)
FNDA:0,(anonymous_17)
FNDA:0,(anonymous_18)
FNDA:0,(anonymous_19)
FNDA:0,(anonymous_20)
FNDA:0,(anonymous_21)
FNDA:0,(anonymous_22)
FNDA:0,(anonymous_23)
FNDA:0,(anonymous_24)
DA:19,0
DA:23,0
DA:24,0
DA:28,0
DA:29,0
DA:32,0
DA:33,0
DA:34,0
DA:35,0
DA:36,0
DA:37,0
DA:38,0
DA:40,0
DA:41,0
DA:43,0
DA:47,0
DA:48,0
DA:49,0
DA:50,0
DA:51,0
DA:52,0
DA:53,0
DA:55,0
DA:56,0
DA:58,0
DA:62,0
DA:63,0
DA:64,0
DA:65,0
DA:66,0
DA:67,0
DA:68,0
DA:70,0
DA:71,0
DA:73,0
DA:77,0
DA:78,0
DA:79,0
DA:80,0
DA:82,0
DA:83,0
DA:84,0
DA:85,0
DA:86,0
DA:88,0
DA:89,0
DA:91,0
DA:95,0
DA:96,0
DA:97,0
DA:98,0
DA:99,0
DA:101,0
DA:102,0
DA:107,0
DA:108,0
DA:109,0
DA:110,0
DA:111,0
DA:113,0
DA:114,0
DA:118,0
DA:119,0
DA:120,0
DA:121,0
DA:122,0
DA:124,0
DA:125,0
DA:129,0
DA:130,0
DA:131,0
DA:132,0
DA:133,0
DA:135,0
DA:136,0
DA:141,0
DA:142,0
DA:143,0
DA:144,0
DA:145,0
DA:147,0
DA:148,0
DA:152,0
DA:153,0
DA:154,0
DA:155,0
DA:156,0
DA:158,0
DA:159,0
DA:163,0
DA:164,0
DA:165,0
DA:166,0
DA:167,0
DA:169,0
DA:170,0
DA:174,0
DA:175,0
DA:176,0
DA:177,0
DA:178,0
DA:180,0
DA:181,0
DA:186,0
DA:187,0
DA:188,0
DA:189,0
DA:190,0
DA:192,0
DA:193,0
DA:198,0
DA:199,0
DA:200,0
DA:201,0
DA:202,0
DA:204,0
DA:205,0
DA:210,0
DA:211,0
DA:212,0
DA:213,0
DA:214,0
DA:216,0
DA:217,0
DA:221,0
DA:222,0
DA:223,0
DA:224,0
DA:225,0
DA:227,0
DA:228,0
DA:232,0
DA:233,0
DA:234,0
DA:235,0
DA:236,0
DA:238,0
DA:239,0
DA:243,0
DA:244,0
DA:245,0
DA:246,0
DA:247,0
DA:249,0
DA:250,0
DA:254,0
DA:255,0
DA:256,0
DA:257,0
DA:258,0
DA:260,0
DA:261,0
DA:265,0
DA:275,0
DA:276,0
DA:277,0
DA:278,0
DA:280,0
DA:281,0
DA:286,0
DA:287,0
DA:288,0
DA:289,0
DA:290,0
DA:292,0
DA:293,0
DA:297,0
DA:298,0
DA:299,0
DA:300,0
DA:301,0
DA:303,0
DA:304,0
DA:309,0
DA:310,0
DA:311,0
DA:312,0
DA:313,0
DA:315,0
DA:316,0
DA:320,0
LF:181
LH:0
BRDA:23,0,0,0
BRDA:23,0,1,0
BRDA:33,1,0,0
BRDA:33,1,1,0
BRDA:38,2,0,0
BRDA:38,2,1,0
BRDA:40,3,0,0
BRDA:40,3,1,0
BRDA:48,4,0,0
BRDA:48,4,1,0
BRDA:53,5,0,0
BRDA:53,5,1,0
BRDA:55,6,0,0
BRDA:55,6,1,0
BRDA:63,7,0,0
BRDA:63,7,1,0
BRDA:68,8,0,0
BRDA:68,8,1,0
BRDA:70,9,0,0
BRDA:70,9,1,0
BRDA:78,10,0,0
BRDA:78,10,1,0
BRDA:86,11,0,0
BRDA:86,11,1,0
BRDA:88,12,0,0
BRDA:88,12,1,0
BRDA:96,13,0,0
BRDA:96,13,1,0
BRDA:99,14,0,0
BRDA:99,14,1,0
BRDA:108,15,0,0
BRDA:108,15,1,0
BRDA:111,16,0,0
BRDA:111,16,1,0
BRDA:119,17,0,0
BRDA:119,17,1,0
BRDA:122,18,0,0
BRDA:122,18,1,0
BRDA:130,19,0,0
BRDA:130,19,1,0
BRDA:133,20,0,0
BRDA:133,20,1,0
BRDA:142,21,0,0
BRDA:142,21,1,0
BRDA:145,22,0,0
BRDA:145,22,1,0
BRDA:153,23,0,0
BRDA:153,23,1,0
BRDA:156,24,0,0
BRDA:156,24,1,0
BRDA:164,25,0,0
BRDA:164,25,1,0
BRDA:167,26,0,0
BRDA:167,26,1,0
BRDA:175,27,0,0
BRDA:175,27,1,0
BRDA:178,28,0,0
BRDA:178,28,1,0
BRDA:187,29,0,0
BRDA:187,29,1,0
BRDA:190,30,0,0
BRDA:190,30,1,0
BRDA:199,31,0,0
BRDA:199,31,1,0
BRDA:202,32,0,0
BRDA:202,32,1,0
BRDA:211,33,0,0
BRDA:211,33,1,0
BRDA:214,34,0,0
BRDA:214,34,1,0
BRDA:222,35,0,0
BRDA:222,35,1,0
BRDA:225,36,0,0
BRDA:225,36,1,0
BRDA:233,37,0,0
BRDA:233,37,1,0
BRDA:236,38,0,0
BRDA:236,38,1,0
BRDA:244,39,0,0
BRDA:244,39,1,0
BRDA:247,40,0,0
BRDA:247,40,1,0
BRDA:255,41,0,0
BRDA:255,41,1,0
BRDA:258,42,0,0
BRDA:258,42,1,0
BRDA:275,43,0,0
BRDA:275,43,1,0
BRDA:278,44,0,0
BRDA:278,44,1,0
BRDA:287,45,0,0
BRDA:287,45,1,0
BRDA:290,46,0,0
BRDA:290,46,1,0
BRDA:298,47,0,0
BRDA:298,47,1,0
BRDA:301,48,0,0
BRDA:301,48,1,0
BRDA:310,49,0,0
BRDA:310,49,1,0
BRDA:313,50,0,0
BRDA:313,50,1,0
BRF:102
BRH:0
end_of_record
TN:
SF:src\hooks\useNetworkStatus.ts
FN:10,useNetworkStatus
FN:18,(anonymous_1)
FN:47,(anonymous_2)
FN:54,(anonymous_3)
FN:57,(anonymous_4)
FNF:5
FNH:0
FNDA:0,useNetworkStatus
FNDA:0,(anonymous_1)
FNDA:0,(anonymous_2)
FNDA:0,(anonymous_3)
FNDA:0,(anonymous_4)
DA:11,0
DA:16,0
DA:18,0
DA:19,0
DA:20,0
DA:22,0
DA:35,0
DA:36,0
DA:39,0
DA:40,0
DA:42,0
DA:43,0
DA:47,0
DA:49,0
DA:52,0
DA:54,0
DA:57,0
DA:58,0
DA:61,0
LF:19
LH:0
BRDA:23,0,0,0
BRDA:23,0,1,0
BRDA:24,1,0,0
BRDA:24,1,1,0
BRDA:26,2,0,0
BRDA:26,2,1,0
BRDA:28,3,0,0
BRDA:28,3,1,0
BRDA:31,4,0,0
BRDA:31,4,1,0
BRDA:35,5,0,0
BRDA:35,5,1,0
BRDA:35,6,0,0
BRDA:35,6,1,0
BRF:14
BRH:0
end_of_record
TN:
SF:src\hooks\usePermissions.ts
FN:33,mapStatus
FN:48,usePermissions
FN:59,(anonymous_2)
FN:89,(anonymous_3)
FN:96,(anonymous_4)
FN:100,(anonymous_5)
FN:115,(anonymous_6)
FN:124,(anonymous_7)
FN:130,(anonymous_8)
FN:147,(anonymous_9)
FN:158,(anonymous_10)
FN:170,(anonymous_11)
FNF:12
FNH:0
FNDA:0,mapStatus
FNDA:0,usePermissions
FNDA:0,(anonymous_2)
FNDA:0,(anonymous_3)
FNDA:0,(anonymous_4)
FNDA:0,(anonymous_5)
FNDA:0,(anonymous_6)
FNDA:0,(anonymous_7)
FNDA:0,(anonymous_8)
FNDA:0,(anonymous_9)
FNDA:0,(anonymous_10)
FNDA:0,(anonymous_11)
DA:34,0
DA:36,0
DA:38,0
DA:40,0
DA:49,0
DA:54,0
DA:59,0
DA:60,0
DA:61,0
DA:62,0
DA:69,0
DA:70,0
DA:72,0
DA:73,0
DA:76,0
DA:82,0
DA:84,0
DA:89,0
DA:90,0
DA:96,0
DA:97,0
DA:98,0
DA:99,0
DA:100,0
DA:104,0
DA:106,0
DA:107,0
DA:115,0
DA:116,0
DA:117,0
DA:118,0
DA:121,0
DA:122,0
DA:123,0
DA:124,0
DA:130,0
DA:137,0
DA:139,0
DA:140,0
DA:147,0
DA:148,0
DA:152,0
DA:158,0
DA:159,0
DA:160,0
DA:162,0
DA:170,0
DA:171,0
DA:175,0
DA:177,0
LF:50
LH:0
BRDA:34,0,0,0
BRDA:34,0,1,0
BRDA:34,0,2,0
BRDA:70,1,0,0
BRDA:70,1,1,0
BRDA:70,2,0,0
BRDA:70,2,1,0
BRDA:102,3,0,0
BRDA:102,3,1,0
BRDA:121,4,0,0
BRDA:121,4,1,0
BRDA:121,5,0,0
BRDA:121,5,1,0
BRDA:132,6,0,0
BRDA:132,6,1,0
BRDA:152,7,0,0
BRDA:152,7,1,0
BRDA:159,8,0,0
BRDA:159,8,1,0
BRDA:175,9,0,0
BRDA:175,9,1,0
BRF:21
BRH:0
end_of_record
TN:
SF:src\hooks\usePhotoAnnotations.ts
FN:40,usePhotoAnnotations
FN:49,(anonymous_1)
FN:95,(anonymous_2)
FN:101,(anonymous_3)
FN:129,(anonymous_4)
FN:156,(anonymous_5)
FN:177,useHasAnnotations
FN:184,(anonymous_7)
FN:194,(anonymous_8)
FN:195,(anonymous_9)
FNF:10
FNH:0
FNDA:0,usePhotoAnnotations
FNDA:0,(anonymous_1)
FNDA:0,(anonymous_2)
FNDA:0,(anonymous_3)
FNDA:0,(anonymous_4)
FNDA:0,(anonymous_5)
FNDA:0,useHasAnnotations
FNDA:0,(anonymous_7)
FNDA:0,(anonymous_8)
FNDA:0,(anonymous_9)
DA:41,0
DA:42,0
DA:43,0
DA:44,0
DA:45,0
DA:46,0
DA:49,0
DA:50,0
DA:51,0
DA:52,0
DA:53,0
DA:54,0
DA:55,0
DA:56,0
DA:59,0
DA:60,0
DA:62,0
DA:64,0
DA:65,0
DA:66,0
DA:67,0
DA:68,0
DA:71,0
DA:74,0
DA:75,0
DA:76,0
DA:77,0
DA:79,0
DA:80,0
DA:84,0
DA:85,0
DA:87,0
DA:88,0
DA:90,0
DA:95,0
DA:96,0
DA:100,0
DA:102,0
DA:103,0
DA:106,0
DA:107,0
DA:109,0
DA:111,0
DA:112,0
DA:115,0
DA:116,0
DA:119,0
DA:121,0
DA:122,0
DA:129,0
DA:130,0
DA:131,0
DA:134,0
DA:135,0
DA:137,0
DA:139,0
DA:140,0
DA:143,0
DA:144,0
DA:148,0
DA:150,0
DA:151,0
DA:156,0
DA:157,0
DA:160,0
DA:181,0
DA:182,0
DA:184,0
DA:185,0
DA:186,0
DA:187,0
DA:188,0
DA:191,0
DA:192,0
DA:194,0
DA:195,0
DA:198,0
LF:77
LH:0
BRDA:50,0,0,0
BRDA:50,0,1,0
BRDA:65,1,0,0
BRDA:65,1,1,0
BRDA:75,2,0,0
BRDA:75,2,1,0
BRDA:88,3,0,0
BRDA:88,3,1,0
BRDA:102,4,0,0
BRDA:102,4,1,0
BRDA:109,5,0,0
BRDA:109,5,1,0
BRDA:112,6,0,0
BRDA:112,6,1,0
BRDA:121,7,0,0
BRDA:121,7,1,0
BRDA:130,8,0,0
BRDA:130,8,1,0
BRDA:137,9,0,0
BRDA:137,9,1,0
BRDA:143,10,0,0
BRDA:143,10,1,0
BRDA:150,11,0,0
BRDA:150,11,1,0
BRDA:185,12,0,0
BRDA:185,12,1,0
BRF:26
BRH:0
end_of_record
TN:
SF:src\hooks\usePhotoGallery.ts
FN:126,formatDateGroup
FN:156,getDateKey
FN:167,hasAnnotationsCheck
FN:181,matchesFilters
FN:233,sortPhotos
FN:234,(anonymous_5)
FN:249,groupPhotos
FN:291,(anonymous_7)
FN:344,usePhotoGallery
FN:356,(anonymous_9)
FN:357,(anonymous_10)
FN:361,(anonymous_11)
FN:366,(anonymous_12)
FN:371,(anonymous_13)
FN:375,(anonymous_14)
FNF:15
FNH:0
FNDA:0,formatDateGroup
FNDA:0,getDateKey
FNDA:0,hasAnnotationsCheck
FNDA:0,matchesFilters
FNDA:0,sortPhotos
FNDA:0,(anonymous_5)
FNDA:0,groupPhotos
FNDA:0,(anonymous_7)
FNDA:0,usePhotoGallery
FNDA:0,(anonymous_9)
FNDA:0,(anonymous_10)
FNDA:0,(anonymous_11)
FNDA:0,(anonymous_12)
FNDA:0,(anonymous_13)
FNDA:0,(anonymous_14)
DA:127,0
DA:128,0
DA:129,0
DA:130,0
DA:132,0
DA:138,0
DA:139,0
DA:142,0
DA:143,0
DA:147,0
DA:148,0
DA:149,0
DA:150,0
DA:157,0
DA:158,0
DA:159,0
DA:160,0
DA:168,0
DA:169,0
DA:170,0
DA:171,0
DA:173,0
DA:183,0
DA:184,0
DA:188,0
DA:189,0
DA:193,0
DA:194,0
DA:198,0
DA:199,0
DA:203,0
DA:204,0
DA:205,0
DA:206,0
DA:211,0
DA:212,0
DA:216,0
DA:217,0
DA:219,0
DA:220,0
DA:222,0
DA:223,0
DA:227,0
DA:234,0
DA:235,0
DA:238,0
DA:242,0
DA:253,0
DA:254,0
DA:257,0
DA:259,0
DA:262,0
DA:264,0
DA:265,0
DA:266,0
DA:269,0
DA:270,0
DA:272,0
DA:273,0
DA:275,0
DA:276,0
DA:278,0
DA:281,0
DA:282,0
DA:284,0
DA:288,0
DA:291,0
DA:292,0
DA:294,0
DA:297,0
DA:300,0
DA:301,0
DA:304,0
DA:306,0
DA:307,0
DA:309,0
DA:310,0
DA:312,0
DA:315,0
DA:316,0
DA:318,0
DA:319,0
DA:321,0
DA:322,0
DA:324,0
DA:327,0
DA:330,0
DA:349,0
DA:352,0
DA:353,0
DA:356,0
DA:357,0
DA:361,0
DA:362,0
DA:366,0
DA:367,0
DA:371,0
DA:372,0
DA:375,0
DA:376,0
DA:379,0
LF:101
LH:0
BRDA:138,0,0,0
BRDA:138,0,1,0
BRDA:142,1,0,0
BRDA:142,1,1,0
BRDA:157,2,0,0
BRDA:157,2,1,0
BRDA:159,3,0,0
BRDA:159,3,1,0
BRDA:168,4,0,0
BRDA:168,4,1,0
BRDA:171,5,0,0
BRDA:171,5,1,0
BRDA:183,6,0,0
BRDA:183,6,1,0
BRDA:183,7,0,0
BRDA:183,7,1,0
BRDA:188,8,0,0
BRDA:188,8,1,0
BRDA:188,9,0,0
BRDA:188,9,1,0
BRDA:193,10,0,0
BRDA:193,10,1,0
BRDA:193,11,0,0
BRDA:193,11,1,0
BRDA:198,12,0,0
BRDA:198,12,1,0
BRDA:198,13,0,0
BRDA:198,13,1,0
BRDA:203,14,0,0
BRDA:203,14,1,0
BRDA:205,15,0,0
BRDA:205,15,1,0
BRDA:211,16,0,0
BRDA:211,16,1,0
BRDA:212,17,0,0
BRDA:212,17,1,0
BRDA:222,18,0,0
BRDA:222,18,1,0
BRDA:222,19,0,0
BRDA:222,19,1,0
BRDA:235,20,0,0
BRDA:235,20,1,0
BRDA:238,21,0,0
BRDA:238,21,1,0
BRDA:242,22,0,0
BRDA:242,22,1,0
BRDA:253,23,0,0
BRDA:253,23,1,0
BRDA:254,24,0,0
BRDA:254,24,1,0
BRDA:262,25,0,0
BRDA:262,25,1,0
BRDA:262,25,2,0
BRDA:262,25,3,0
BRDA:262,25,4,0
BRDA:264,26,0,0
BRDA:264,26,1,0
BRDA:269,27,0,0
BRDA:269,27,1,0
BRDA:272,28,0,0
BRDA:272,28,1,0
BRDA:275,29,0,0
BRDA:275,29,1,0
BRDA:281,30,0,0
BRDA:281,30,1,0
BRDA:292,31,0,0
BRDA:292,31,1,0
BRDA:304,32,0,0
BRDA:304,32,1,0
BRDA:304,32,2,0
BRDA:304,32,3,0
BRDA:304,32,4,0
BRDA:306,33,0,0
BRDA:306,33,1,0
BRDA:315,34,0,0
BRDA:315,34,1,0
BRDA:318,35,0,0
BRDA:318,35,1,0
BRDA:321,36,0,0
BRDA:321,36,1,0
BRDA:350,37,0,0
BRDA:350,37,1,0
BRF:82
BRH:0
end_of_record
TN:
SF:src\hooks\useSyncEngine.ts
FN:19,useSyncEngine
FN:41,(anonymous_1)
FN:51,(anonymous_2)
FN:62,(anonymous_3)
FN:67,(anonymous_4)
FN:76,(anonymous_5)
FN:77,(anonymous_6)
FN:87,(anonymous_7)
FN:88,(anonymous_8)
FN:95,(anonymous_9)
FN:97,(anonymous_10)
FN:115,(anonymous_11)
FN:116,(anonymous_12)
FN:145,(anonymous_13)
FN:151,(anonymous_14)
FN:169,(anonymous_15)
FN:171,(anonymous_16)
FN:171,(anonymous_17)
FN:177,(anonymous_18)
FN:187,(anonymous_19)
FNF:20
FNH:0
FNDA:0,useSyncEngine
FNDA:0,(anonymous_1)
FNDA:0,(anonymous_2)
FNDA:0,(anonymous_3)
FNDA:0,(anonymous_4)
FNDA:0,(anonymous_5)
FNDA:0,(anonymous_6)
FNDA:0,(anonymous_7)
FNDA:0,(anonymous_8)
FNDA:0,(anonymous_9)
FNDA:0,(anonymous_10)
FNDA:0,(anonymous_11)
FNDA:0,(anonymous_12)
FNDA:0,(anonymous_13)
FNDA:0,(anonymous_14)
FNDA:0,(anonymous_15)
FNDA:0,(anonymous_16)
FNDA:0,(anonymous_17)
FNDA:0,(anonymous_18)
FNDA:0,(anonymous_19)
DA:20,0
DA:28,0
DA:29,0
DA:32,0
DA:33,0
DA:36,0
DA:38,0
DA:41,0
DA:42,0
DA:43,0
DA:44,0
DA:46,0
DA:51,0
DA:52,0
DA:53,0
DA:54,0
DA:55,0
DA:57,0
DA:62,0
DA:63,0
DA:67,0
DA:68,0
DA:69,0
DA:70,0
DA:71,0
DA:76,0
DA:77,0
DA:78,0
DA:87,0
DA:88,0
DA:95,0
DA:97,0
DA:108,0
DA:109,0
DA:110,0
DA:115,0
DA:116,0
DA:117,0
DA:119,0
DA:120,0
DA:121,0
DA:124,0
DA:126,0
DA:128,0
DA:142,0
DA:143,0
DA:145,0
DA:146,0
DA:151,0
DA:152,0
DA:154,0
DA:157,0
DA:158,0
DA:161,0
DA:163,0
DA:168,0
DA:171,0
DA:174,0
DA:177,0
DA:178,0
DA:179,0
DA:181,0
DA:187,0
DA:188,0
DA:191,0
LF:65
LH:0
BRDA:68,0,0,0
BRDA:68,0,1,0
BRDA:68,1,0,0
BRDA:68,1,1,0
BRDA:102,2,0,0
BRDA:102,2,1,0
BRDA:105,3,0,0
BRDA:105,3,1,0
BRDA:109,4,0,0
BRDA:109,4,1,0
BRDA:135,5,0,0
BRDA:135,5,1,0
BRDA:178,6,0,0
BRDA:178,6,1,0
BRF:14
BRH:0
end_of_record
TN:
SF:src\hooks\useSyncSettings.ts
FN:32,useSyncSettings
FN:39,(anonymous_1)
FN:44,(anonymous_2)
FN:45,(anonymous_3)
FN:51,(anonymous_4)
FN:56,(anonymous_5)
FN:59,(anonymous_6)
FN:71,(anonymous_7)
FN:74,(anonymous_8)
FN:81,(anonymous_9)
FN:93,(anonymous_10)
FN:101,(anonymous_11)
FN:120,(anonymous_12)
FN:149,checkCanUploadPhoto
FNF:14
FNH:0
FNDA:0,useSyncSettings
FNDA:0,(anonymous_1)
FNDA:0,(anonymous_2)
FNDA:0,(anonymous_3)
FNDA:0,(anonymous_4)
FNDA:0,(anonymous_5)
FNDA:0,(anonymous_6)
FNDA:0,(anonymous_7)
FNDA:0,(anonymous_8)
FNDA:0,(anonymous_9)
FNDA:0,(anonymous_10)
FNDA:0,(anonymous_11)
FNDA:0,(anonymous_12)
FNDA:0,checkCanUploadPhoto
DA:33,0
DA:34,0
DA:35,0
DA:36,0
DA:39,0
DA:40,0
DA:44,0
DA:45,0
DA:46,0
DA:47,0
DA:51,0
DA:52,0
DA:53,0
DA:56,0
DA:59,0
DA:60,0
DA:61,0
DA:62,0
DA:63,0
DA:65,0
DA:67,0
DA:71,0
DA:72,0
DA:73,0
DA:74,0
DA:76,0
DA:77,0
DA:81,0
DA:82,0
DA:83,0
DA:84,0
DA:85,0
DA:86,0
DA:88,0
DA:89,0
DA:93,0
DA:94,0
DA:100,0
DA:102,0
DA:103,0
DA:105,0
DA:108,0
DA:111,0
DA:119,0
DA:121,0
DA:122,0
DA:124,0
DA:127,0
DA:132,0
DA:153,0
DA:158,0
DA:159,0
DA:162,0
DA:163,0
DA:165,0
DA:166,0
DA:169,0
DA:170,0
DA:176,0
LF:59
LH:0
BRDA:74,0,0,0
BRDA:74,0,1,0
BRDA:102,1,0,0
BRDA:102,1,1,0
BRDA:103,2,0,0
BRDA:103,2,1,0
BRDA:108,3,0,0
BRDA:108,3,1,0
BRDA:121,4,0,0
BRDA:121,4,1,0
BRDA:122,5,0,0
BRDA:122,5,1,0
BRDA:127,6,0,0
BRDA:127,6,1,0
BRDA:158,7,0,0
BRDA:158,7,1,0
BRDA:165,8,0,0
BRDA:165,8,1,0
BRDA:169,9,0,0
BRDA:169,9,1,0
BRF:20
BRH:0
end_of_record
TN:
SF:src\hooks\useSyncStatus.ts
FN:60,useSyncStatus
FN:72,(anonymous_1)
FN:90,(anonymous_2)
FN:94,(anonymous_3)
FN:102,(anonymous_4)
FN:108,(anonymous_5)
FN:109,(anonymous_6)
FN:114,(anonymous_7)
FN:119,(anonymous_8)
FN:125,(anonymous_9)
FN:152,(anonymous_10)
FN:174,(anonymous_11)
FN:197,(anonymous_12)
FN:239,useBackgroundSyncAvailable
FN:242,(anonymous_14)
FNF:15
FNH:0
FNDA:0,useSyncStatus
FNDA:0,(anonymous_1)
FNDA:0,(anonymous_2)
FNDA:0,(anonymous_3)
FNDA:0,(anonymous_4)
FNDA:0,(anonymous_5)
FNDA:0,(anonymous_6)
FNDA:0,(anonymous_7)
FNDA:0,(anonymous_8)
FNDA:0,(anonymous_9)
FNDA:0,(anonymous_10)
FNDA:0,(anonymous_11)
FNDA:0,(anonymous_12)
FNDA:0,useBackgroundSyncAvailable
FNDA:0,(anonymous_14)
DA:61,0
DA:62,0
DA:63,0
DA:64,0
DA:65,0
DA:66,0
DA:67,0
DA:68,0
DA:69,0
DA:72,0
DA:73,0
DA:74,0
DA:78,0
DA:79,0
DA:80,0
DA:81,0
DA:83,0
DA:85,0
DA:90,0
DA:91,0
DA:94,0
DA:95,0
DA:96,0
DA:100,0
DA:102,0
DA:103,0
DA:108,0
DA:109,0
DA:110,0
DA:111,0
DA:114,0
DA:115,0
DA:116,0
DA:119,0
DA:120,0
DA:125,0
DA:126,0
DA:127,0
DA:128,0
DA:129,0
DA:131,0
DA:132,0
DA:134,0
DA:135,0
DA:138,0
DA:139,0
DA:141,0
DA:142,0
DA:143,0
DA:145,0
DA:146,0
DA:147,0
DA:152,0
DA:153,0
DA:154,0
DA:156,0
DA:157,0
DA:159,0
DA:160,0
DA:163,0
DA:165,0
DA:166,0
DA:167,0
DA:169,0
DA:174,0
DA:175,0
DA:176,0
DA:178,0
DA:179,0
DA:181,0
DA:182,0
DA:185,0
DA:186,0
DA:188,0
DA:189,0
DA:190,0
DA:192,0
DA:197,0
DA:198,0
DA:199,0
DA:200,0
DA:202,0
DA:203,0
DA:204,0
DA:209,0
DA:213,0
DA:240,0
DA:242,0
DA:243,0
DA:246,0
LF:90
LH:0
BRDA:83,0,0,0
BRDA:83,0,1,0
BRDA:95,1,0,0
BRDA:95,1,1,0
BRDA:134,2,0,0
BRDA:134,2,1,0
BRDA:134,3,0,0
BRDA:134,3,1,0
BRDA:141,4,0,0
BRDA:141,4,1,0
BRDA:159,5,0,0
BRDA:159,5,1,0
BRDA:159,6,0,0
BRDA:159,6,1,0
BRDA:165,7,0,0
BRDA:165,7,1,0
BRDA:181,8,0,0
BRDA:181,8,1,0
BRDA:181,9,0,0
BRDA:181,9,1,0
BRDA:188,10,0,0
BRDA:188,10,1,0
BRDA:202,11,0,0
BRDA:202,11,1,0
BRDA:209,12,0,0
BRDA:209,12,1,0
BRDA:217,13,0,0
BRDA:217,13,1,0
BRDA:217,13,2,0
BRF:29
BRH:0
end_of_record
TN:
SF:src\lib\api.ts
FN:28,(anonymous_0)
FN:35,(anonymous_1)
FN:42,(anonymous_2)
FN:43,(anonymous_3)
FN:62,handleApiError
FN:85,fetchBootstrapData
FN:106,createReport
[...]
DA:362,0
DA:365,0
DA:366,0
DA:367,0
DA:368,0
DA:371,0
DA:372,0
DA:374,0
DA:376,0
DA:377,0
DA:386,0
DA:387,0
DA:390,0
DA:392,0
DA:397,0
DA:398,0
DA:400,0
DA:409,0
DA:410,0
DA:422,0
DA:423,0
DA:426,0
DA:427,0
DA:428,0
DA:429,0
DA:430,0
DA:432,0
DA:434,0
DA:435,0
DA:436,0
DA:439,0
DA:440,0
DA:441,0
DA:444,0
DA:445,0
DA:447,0
DA:452,0
DA:454,0
DA:455,0
DA:463,0
DA:464,0
DA:465,0
DA:466,0
DA:468,0
DA:470,0
DA:472,0
DA:473,0
DA:474,0
DA:477,0
DA:480,0
DA:481,0
DA:483,0
DA:484,0
DA:485,0
DA:486,0
DA:487,0
DA:490,0
DA:491,0
DA:501,0
DA:502,0
DA:506,0
DA:512,0
DA:515,0
DA:525,0
DA:527,0
DA:528,0
DA:533,0
DA:537,0
DA:538,0
DA:541,0
DA:542,0
DA:543,0
DA:544,0
DA:545,0
DA:556,0
DA:557,0
DA:564,0
DA:568,0
DA:569,0
DA:570,0
DA:571,0
DA:580,0
DA:581,0
DA:582,0
DA:583,0
DA:584,0
DA:588,0
DA:589,0
DA:592,0
DA:601,0
DA:602,0
DA:614,0
DA:615,0
DA:616,0
DA:622,0
DA:623,0
DA:628,0
DA:629,0
DA:630,0
DA:631,0
DA:632,0
DA:641,0
DA:642,0
DA:643,0
DA:644,0
DA:645,0
DA:646,0
DA:648,0
DA:660,0
DA:661,0
DA:662,0
DA:663,0
DA:665,0
DA:666,0
DA:667,0
DA:673,0
DA:674,0
DA:675,0
DA:676,0
DA:679,0
DA:680,0
DA:689,0
DA:697,0
DA:698,0
DA:703,0
DA:712,0
DA:720,0
DA:735,0
DA:755,0
DA:777,0
DA:778,0
DA:779,0
DA:780,0
DA:789,0
DA:790,0
DA:791,0
DA:792,0
DA:793,0
DA:796,0
DA:830,0
DA:837,0
DA:838,0
DA:840,0
DA:841,0
DA:847,0
DA:849,0
DA:850,0
DA:857,0
DA:872,0
DA:874,0
DA:875,0
DA:877,0
DA:878,0
DA:879,0
DA:883,0
DA:884,0
DA:885,0
DA:886,0
DA:887,0
DA:891,0
DA:892,0
DA:893,0
DA:894,0
DA:896,0
DA:897,0
DA:898,0
DA:902,0
DA:907,0
DA:910,0
DA:918,0
DA:920,0
DA:921,0
DA:922,0
DA:926,0
DA:929,0
DA:930,0
DA:931,0
DA:939,0
DA:942,0
DA:946,0
DA:947,0
DA:950,0
DA:951,0
DA:957,0
DA:958,0
DA:962,0
DA:966,0
DA:968,0
DA:969,0
DA:970,0
DA:973,0
DA:974,0
DA:980,0
DA:991,0
DA:992,0
DA:997,0
DA:998,0
DA:999,0
DA:1001,0
DA:1002,0
DA:1006,0
DA:1010,0
DA:1020,0
DA:1021,0
DA:1023,0
DA:1024,0
DA:1025,0
DA:1028,0
DA:1031,0
DA:1042,0
DA:1048,0
DA:1050,0
DA:1051,0
DA:1053,0
DA:1056,0
DA:1058,0
DA:1059,0
DA:1063,0
DA:1067,0
DA:1075,0
DA:1077,0
DA:1078,0
DA:1079,0
DA:1080,0
DA:1081,0
DA:1084,0
DA:1086,0
DA:1089,0
DA:1091,0
DA:1093,0
DA:1103,0
DA:1104,0
DA:1108,0
DA:1109,0
DA:1112,0
DA:1113,0
DA:1114,0
DA:1122,0
DA:1124,0
DA:1128,0
DA:1129,0
DA:1130,0
DA:1136,0
DA:1137,0
DA:1140,0
DA:1144,0
DA:1146,0
DA:1147,0
DA:1152,0
DA:1164,0
DA:1165,0
DA:1168,0
DA:1178,0
DA:1179,0
DA:1182,0
DA:1183,0
DA:1184,0
DA:1192,0
DA:1194,0
DA:1198,0
DA:1199,0
DA:1200,0
DA:1206,0
DA:1207,0
DA:1210,0
DA:1214,0
DA:1216,0
DA:1220,0
DA:1221,0
DA:1227,0
DA:1235,0
DA:1236,0
DA:1237,0
DA:1238,0
DA:1239,0
DA:1240,0
DA:1243,0
DA:1245,0
DA:1248,0
DA:1260,0
DA:1261,0
DA:1264,0
DA:1274,0
DA:1275,0
DA:1276,0
DA:1279,0
DA:1280,0
DA:1281,0
DA:1289,0
DA:1291,0
DA:1294,0
DA:1296,0
DA:1299,0
DA:1300,0
DA:1306,0
DA:1314,0
DA:1315,0
DA:1316,0
DA:1329,0
DA:1330,0
DA:1331,0
DA:1347,0
DA:1348,0
DA:1351,0
DA:1352,0
DA:1354,0
DA:1355,0
DA:1357,0
DA:1358,0
DA:1366,0
DA:1367,0
DA:1368,0
DA:1369,0
DA:1370,0
DA:1372,0
DA:1373,0
DA:1375,0
DA:1376,0
DA:1377,0
DA:1378,0
DA:1388,0
DA:1390,0
DA:1392,0
DA:1393,0
DA:1398,0
DA:1399,0
DA:1402,0
DA:1405,0
DA:1406,0
DA:1407,0
DA:1409,0
DA:1417,0
DA:1418,0
DA:1419,0
DA:1421,0
DA:1429,0
DA:1430,0
DA:1431,0
DA:1433,0
DA:1441,0
DA:1442,0
DA:1443,0
DA:1445,0
DA:1453,0
DA:1454,0
DA:1455,0
DA:1457,0
DA:1459,0
DA:1472,0
DA:1477,0
DA:1478,0
DA:1480,0
DA:1496,0
DA:1510,0
DA:1514,0
DA:1516,0
DA:1517,0
DA:1518,0
DA:1519,0
DA:1520,0
DA:1523,0
DA:1533,0
DA:1534,0
DA:1536,0
DA:1540,0
DA:1541,0
DA:1545,0
DA:1547,0
DA:1548,0
DA:1549,0
DA:1550,0
DA:1551,0
DA:1554,0
DA:1565,0
DA:1566,0
DA:1568,0
DA:1572,0
DA:1573,0
DA:1577,0
DA:1579,0
DA:1580,0
DA:1581,0
DA:1582,0
DA:1583,0
DA:1586,0
DA:1588,0
DA:1592,0
DA:1593,0
DA:1597,0
DA:1634,0
DA:1635,0
DA:1637,0
DA:1641,0
DA:1642,0
DA:1650,0
DA:1653,0
DA:1656,0
DA:1658,0
DA:1669,0
DA:1670,0
DA:1672,0
DA:1674,0
DA:1675,0
DA:1676,0
DA:1686,0
DA:1691,0
DA:1692,0
DA:1694,0
DA:1696,0
DA:1711,0
DA:1726,0
DA:1727,0
DA:1728,0
DA:1729,0
DA:1738,0
DA:1739,0
DA:1740,0
DA:1741,0
DA:1746,0
DA:1754,0
DA:1757,0
DA:1761,0
DA:1765,0
DA:1769,0
DA:1773,0
DA:1777,0
DA:1781,0
DA:1785,0
DA:1789,0
DA:1793,0
DA:1797,0
DA:1801,0
DA:1805,0
DA:1809,0
DA:1813,0
LF:523
LH:0
BRDA:145,0,0,0
BRDA:145,0,1,0
BRDA:178,1,0,0
BRDA:178,1,1,0
BRDA:180,2,0,0
BRDA:180,2,1,0
BRDA:205,3,0,0
BRDA:205,3,1,0
BRDA:207,4,0,0
BRDA:207,4,1,0
BRDA:210,5,0,0
BRDA:210,5,1,0
BRDA:210,6,0,0
BRDA:210,6,1,0
BRDA:225,7,0,0
BRDA:225,7,1,0
BRDA:261,8,0,0
BRDA:261,8,1,0
BRDA:268,9,0,0
BRDA:268,9,1,0
BRDA:275,10,0,0
BRDA:275,10,1,0
BRDA:281,11,0,0
BRDA:281,11,1,0
BRDA:294,12,0,0
BRDA:298,13,0,0
BRDA:298,13,1,0
BRDA:298,14,0,0
BRDA:298,14,1,0
BRDA:311,15,0,0
BRDA:311,15,1,0
BRDA:326,16,0,0
BRDA:326,16,1,0
BRDA:341,17,0,0
BRDA:341,17,1,0
BRDA:386,18,0,0
BRDA:386,18,1,0
BRDA:394,19,0,0
BRDA:394,19,1,0
BRDA:422,20,0,0
BRDA:422,20,1,0
BRDA:434,21,0,0
BRDA:434,21,1,0
BRDA:439,22,0,0
BRDA:439,22,1,0
BRDA:449,23,0,0
BRDA:449,23,1,0
BRDA:472,24,0,0
BRDA:472,24,1,0
BRDA:486,25,0,0
BRDA:486,25,1,0
BRDA:493,26,0,0
BRDA:493,26,1,0
BRDA:501,27,0,0
BRDA:501,27,1,0
BRDA:527,28,0,0
BRDA:527,28,1,0
BRDA:568,29,0,0
BRDA:568,29,1,0
BRDA:588,30,0,0
BRDA:588,30,1,0
BRDA:604,31,0,0
BRDA:604,31,1,0
BRDA:614,32,0,0
BRDA:614,32,1,0
BRDA:622,33,0,0
BRDA:622,33,1,0
BRDA:629,34,0,0
BRDA:629,34,1,0
BRDA:645,35,0,0
BRDA:645,35,1,0
BRDA:661,36,0,0
BRDA:661,36,1,0
BRDA:675,37,0,0
BRDA:675,37,1,0
BRDA:700,38,0,0
BRDA:700,38,1,0
BRDA:772,39,0,0
BRDA:772,39,1,0
BRDA:778,40,0,0
BRDA:778,40,1,0
BRDA:789,41,0,0
BRDA:789,41,1,0
BRDA:790,42,0,0
BRDA:790,42,1,0
BRDA:791,43,0,0
BRDA:791,43,1,0
BRDA:792,44,0,0
BRDA:792,44,1,0
BRDA:793,45,0,0
BRDA:793,45,1,0
BRDA:798,46,0,0
BRDA:798,46,1,0
BRDA:859,47,0,0
BRDA:859,47,1,0
BRDA:877,48,0,0
BRDA:877,48,1,0
BRDA:884,49,0,0
BRDA:884,49,1,0
BRDA:892,50,0,0
BRDA:892,50,1,0
BRDA:894,51,0,0
BRDA:894,51,1,0
BRDA:897,52,0,0
BRDA:897,52,1,0
BRDA:918,53,0,0
BRDA:918,53,1,0
BRDA:918,54,0,0
BRDA:918,54,1,0
BRDA:936,55,0,0
BRDA:936,55,1,0
BRDA:946,56,0,0
BRDA:946,56,1,0
BRDA:957,57,0,0
BRDA:957,57,1,0
BRDA:978,58,0,0
BRDA:978,58,1,0
BRDA:997,59,0,0
BRDA:997,59,1,0
BRDA:1008,60,0,0
BRDA:1008,60,1,0
BRDA:1023,61,0,0
BRDA:1023,61,1,0
BRDA:1048,62,0,0
BRDA:1048,62,1,0
BRDA:1065,63,0,0
BRDA:1065,63,1,0
BRDA:1078,64,0,0
BRDA:1078,64,1,0
BRDA:1089,65,0,0
BRDA:1089,65,1,0
BRDA:1095,66,0,0
BRDA:1095,66,1,0
BRDA:1098,67,0,0
BRDA:1098,67,1,0
BRDA:1108,68,0,0
BRDA:1108,68,1,0
BRDA:1108,69,0,0
BRDA:1108,69,1,0
BRDA:1119,70,0,0
BRDA:1119,70,1,0
BRDA:1128,71,0,0
BRDA:1128,71,1,0
BRDA:1136,72,0,0
BRDA:1136,72,1,0
BRDA:1146,73,0,0
BRDA:1146,73,1,0
BRDA:1164,74,0,0
BRDA:1164,74,1,0
BRDA:1178,75,0,0
BRDA:1178,75,1,0
BRDA:1178,76,0,0
BRDA:1178,76,1,0
BRDA:1189,77,0,0
BRDA:1189,77,1,0
BRDA:1198,78,0,0
BRDA:1198,78,1,0
BRDA:1206,79,0,0
BRDA:1206,79,1,0
BRDA:1225,80,0,0
BRDA:1225,80,1,0
BRDA:1237,81,0,0
BRDA:1237,81,1,0
BRDA:1260,82,0,0
BRDA:1260,82,1,0
BRDA:1274,83,0,0
BRDA:1274,83,1,0
BRDA:1274,84,0,0
BRDA:1274,84,1,0
BRDA:1286,85,0,0
BRDA:1286,85,1,0
BRDA:1304,86,0,0
BRDA:1304,86,1,0
BRDA:1315,87,0,0
BRDA:1315,87,1,0
BRDA:1330,88,0,0
BRDA:1330,88,1,0
BRDA:1347,89,0,0
BRDA:1347,89,1,0
BRDA:1376,90,0,0
BRDA:1376,90,1,0
BRDA:1393,91,0,0
BRDA:1393,91,1,0
BRDA:1398,92,0,0
BRDA:1398,92,1,0
BRDA:1398,93,0,0
BRDA:1398,93,1,0
BRDA:1399,94,0,0
BRDA:1399,94,1,0
BRDA:1411,95,0,0
BRDA:1411,95,1,0
BRDA:1423,96,0,0
BRDA:1423,96,1,0
BRDA:1435,97,0,0
BRDA:1435,97,1,0
BRDA:1447,98,0,0
BRDA:1447,98,1,0
BRDA:1474,99,0,0
BRDA:1474,99,1,0
BRDA:1501,100,0,0
BRDA:1501,100,1,0
BRDA:1503,101,0,0
BRDA:1503,101,1,0
BRDA:1504,102,0,0
BRDA:1504,102,1,0
BRDA:1505,103,0,0
BRDA:1505,103,1,0
BRDA:1506,104,0,0
BRDA:1506,104,1,0
BRDA:1507,105,0,0
BRDA:1507,105,1,0
BRDA:1518,106,0,0
BRDA:1518,106,1,0
BRDA:1518,107,0,0
BRDA:1518,107,1,0
BRDA:1527,108,0,0
BRDA:1527,108,1,0
BRDA:1528,109,0,0
BRDA:1528,109,1,0
BRDA:1530,110,0,0
BRDA:1530,110,1,0
BRDA:1549,111,0,0
BRDA:1549,111,1,0
BRDA:1549,112,0,0
BRDA:1549,112,1,0
BRDA:1560,113,0,0
BRDA:1560,113,1,0
BRDA:1583,114,0,0
BRDA:1583,114,1,0
BRDA:1586,115,0,0
BRDA:1586,115,1,0
BRDA:1588,116,0,0
BRDA:1588,116,1,0
BRDA:1589,117,0,0
BRDA:1589,117,1,0
BRDA:1598,118,0,0
BRDA:1598,118,1,0
BRDA:1603,119,0,0
BRDA:1603,119,1,0
BRDA:1604,120,0,0
BRDA:1604,120,1,0
BRDA:1605,121,0,0
BRDA:1605,121,1,0
BRDA:1606,122,0,0
BRDA:1606,122,1,0
BRDA:1607,123,0,0
BRDA:1607,123,1,0
BRDA:1608,124,0,0
BRDA:1608,124,1,0
BRDA:1611,125,0,0
BRDA:1611,125,1,0
BRDA:1612,126,0,0
BRDA:1612,126,1,0
BRDA:1613,127,0,0
BRDA:1613,127,1,0
BRDA:1614,128,0,0
BRDA:1614,128,1,0
BRDA:1615,129,0,0
BRDA:1615,129,1,0
BRDA:1616,130,0,0
BRDA:1616,130,1,0
BRDA:1617,131,0,0
BRDA:1617,131,1,0
BRDA:1618,132,0,0
BRDA:1618,132,1,0
BRDA:1619,133,0,0
BRDA:1619,133,1,0
BRDA:1620,134,0,0
BRDA:1620,134,1,0
BRDA:1621,135,0,0
BRDA:1621,135,1,0
BRDA:1622,136,0,0
BRDA:1622,136,1,0
BRDA:1623,137,0,0
BRDA:1623,137,1,0
BRDA:1624,138,0,0
BRDA:1624,138,1,0
BRDA:1624,138,2,0
BRDA:1625,139,0,0
BRDA:1625,139,1,0
BRDA:1625,139,2,0
BRDA:1626,140,0,0
BRDA:1626,140,1,0
BRDA:1626,140,2,0
BRDA:1672,141,0,0
BRDA:1672,141,1,0
BRDA:1681,142,0,0
BRDA:1681,142,1,0
BRDA:1694,143,0,0
BRDA:1694,143,1,0
BRDA:1702,144,0,0
BRDA:1702,144,1,0
BRDA:1728,145,0,0
BRDA:1728,145,1,0
BRDA:1740,146,0,0
BRDA:1740,146,1,0
BRF:296
BRH:0
end_of_record
TN:
SF:src\services\thumbnail-service.ts
FN:49,generateThumbnail
FN:146,deleteThumbnail
FN:179,regenerateThumbnails
FN:233,getThumbnailPath
FNF:4
FNH:0
FNDA:0,generateThumbnail
FNDA:0,deleteThumbnail
FNDA:0,regenerateThumbnails
FNDA:0,getThumbnailPath
DA:26,0
DA:27,0
DA:53,0
DA:55,0
DA:57,0
DA:58,0
DA:59,0
DA:60,0
DA:64,0
DA:65,0
DA:68,0
DA:74,0
DA:85,0
DA:98,0
DA:108,0
DA:109,0
DA:114,0
DA:120,0
DA:124,0
DA:129,0
DA:147,0
DA:149,0
DA:150,0
DA:151,0
DA:154,0
DA:182,0
DA:183,0
DA:185,0
DA:186,0
DA:188,0
DA:191,0
DA:194,0
DA:195,0
DA:198,0
DA:201,0
DA:205,0
DA:209,0
DA:215,0
DA:234,0
LF:39
LH:0
BRDA:58,0,0,0
BRDA:58,0,1,0
BRDA:65,1,0,0
BRDA:65,1,1,0
BRDA:127,2,0,0
BRDA:127,2,1,0
BRDA:157,3,0,0
BRDA:157,3,1,0
BRDA:194,4,0,0
BRDA:194,4,1,0
BRDA:203,5,0,0
BRDA:203,5,1,0
BRF:12
BRH:0
end_of_record
TN:
SF:src\services\video-service.ts
FN:94,(anonymous_0)
FN:101,(anonymous_1)
FN:125,(anonymous_2)
FN:133,(anonymous_3)
FN:169,(anonymous_4)
FN:363,(anonymous_5)
FN:399,(anonymous_6)
FN:406,(anonymous_7)
FN:414,(anonymous_8)
FN:427,(anonymous_9)
FN:429,(anonymous_10)
FN:452,(anonymous_11)
FN:479,(anonymous_12)
FN:500,(anonymous_13)
FN:510,(anonymous_14)
FN:521,formatVideoDuration
FN:525,formatVideoFileSize
FNF:17
FNH:0
FNDA:0,(anonymous_0)
FNDA:0,(anonymous_1)
FNDA:0,(anonymous_2)
FNDA:0,(anonymous_3)
FNDA:0,(anonymous_4)
FNDA:0,(anonymous_5)
FNDA:0,(anonymous_6)
FNDA:0,(anonymous_7)
FNDA:0,(anonymous_8)
FNDA:0,(anonymous_9)
FNDA:0,(anonymous_10)
FNDA:0,(anonymous_11)
FNDA:0,(anonymous_12)
FNDA:0,(anonymous_13)
FNDA:0,(anonymous_14)
FNDA:0,formatVideoDuration
FNDA:0,formatVideoFileSize
DA:83,0
DA:84,0
DA:85,0
DA:86,0
DA:87,0
DA:88,0
DA:89,0
DA:95,0
DA:107,0
DA:108,0
DA:109,0
DA:112,0
DA:114,0
DA:115,0
DA:116,0
DA:117,0
DA:120,0
DA:121,0
DA:124,0
DA:125,0
DA:126,0
DA:127,0
DA:132,0
DA:133,0
DA:134,0
DA:135,0
DA:139,0
DA:148,0
DA:153,0
DA:157,0
DA:158,0
DA:160,0
DA:161,0
DA:162,0
DA:175,0
DA:176,0
DA:179,0
DA:181,0
DA:182,0
DA:183,0
DA:187,0
DA:188,0
DA:189,0
DA:193,0
DA:194,0
DA:197,0
DA:205,0
DA:208,0
DA:210,0
DA:213,0
DA:216,0
DA:218,0
DA:219,0
DA:222,0
DA:229,0
DA:232,0
DA:233,0
DA:235,0
DA:238,0
DA:239,0
DA:240,0
DA:243,0
DA:246,0
DA:247,0
DA:250,0
DA:270,0
DA:296,0
DA:303,0
DA:304,0
DA:306,0
DA:315,0
DA:325,0
DA:336,0
DA:345,0
DA:346,0
DA:348,0
DA:350,0
DA:351,0
DA:352,0
DA:353,0
DA:364,0
DA:366,0
DA:367,0
DA:368,0
DA:369,0
DA:373,0
DA:374,0
DA:375,0
DA:377,0
DA:379,0
DA:382,0
DA:383,0
DA:384,0
DA:385,0
DA:389,0
DA:391,0
DA:392,0
DA:400,0
DA:407,0
DA:408,0
DA:415,0
DA:416,0
DA:417,0
DA:419,0
DA:420,0
DA:428,0
DA:429,0
DA:453,0
DA:454,0
DA:456,0
DA:480,0
DA:482,0
DA:485,0
DA:488,0
DA:490,0
DA:492,0
DA:493,0
DA:501,0
DA:502,0
DA:503,0
DA:504,0
DA:511,0
DA:512,0
DA:513,0
DA:518,0
DA:522,0
DA:526,0
LF:127
LH:0
BRDA:107,0,0,0
BRDA:107,0,1,0
BRDA:116,1,0,0
BRDA:116,1,1,0
BRDA:124,2,0,0
BRDA:124,2,1,0
BRDA:144,3,0,0
BRDA:144,3,1,0
BRDA:175,4,0,0
BRDA:175,4,1,0
BRDA:175,5,0,0
BRDA:175,5,1,0
BRDA:181,6,0,0
BRDA:181,6,1,0
BRDA:187,7,0,0
BRDA:187,7,1,0
BRDA:202,8,0,0
BRDA:202,8,1,0
BRDA:208,9,0,0
BRDA:208,9,1,0
BRDA:218,10,0,0
BRDA:218,10,1,0
BRDA:218,11,0,0
BRDA:218,11,1,0
BRDA:247,12,0,0
BRDA:247,12,1,0
BRDA:253,13,0,0
BRDA:253,13,1,0
BRDA:254,14,0,0
BRDA:254,14,1,0
BRDA:262,15,0,0
BRDA:262,15,1,0
BRDA:263,16,0,0
BRDA:263,16,1,0
BRDA:266,17,0,0
BRDA:266,17,1,0
BRDA:273,18,0,0
BRDA:273,18,1,0
BRDA:274,19,0,0
BRDA:274,19,1,0
BRDA:285,20,0,0
BRDA:285,20,1,0
BRDA:286,21,0,0
BRDA:286,21,1,0
BRDA:332,22,0,0
BRDA:332,22,1,0
BRDA:355,23,0,0
BRDA:355,23,1,0
BRDA:364,24,0,0
BRDA:364,24,1,0
BRDA:367,25,0,0
BRDA:367,25,1,0
BRDA:373,26,0,0
BRDA:373,26,1,0
BRDA:382,27,0,0
BRDA:382,27,1,0
BRDA:384,28,0,0
BRDA:384,28,1,0
BRDA:407,29,0,0
BRDA:407,29,1,0
BRDA:415,30,0,0
BRDA:415,30,1,0
BRDA:454,31,0,0
BRDA:454,31,1,0
BRDA:511,32,0,0
BRDA:511,32,1,0
BRDA:512,33,0,0
BRDA:512,33,1,0
BRF:68
BRH:0
end_of_record
TN:
SF:src\services\voice-note-service.ts
FN:70,(anonymous_0)
FN:83,(anonymous_1)
FN:90,(anonymous_2)
FN:128,(anonymous_3)
FN:145,(anonymous_4)
FN:203,(anonymous_5)
FN:204,(anonymous_6)
FN:205,(anonymous_7)
FN:322,(anonymous_8)
FN:347,(anonymous_9)
FN:361,(anonymous_10)
FN:377,(anonymous_11)
FN:392,(anonymous_12)
FN:399,(anonymous_13)
FN:401,(anonymous_14)
FN:418,(anonymous_15)
FN:420,(anonymous_16)
FN:437,(anonymous_17)
FN:458,(anonymous_18)
FN:470,requestMicrophonePermission
FN:474,formatVoiceNoteDuration
FNF:21
FNH:0
FNDA:0,(anonymous_0)
FNDA:0,(anonymous_1)
FNDA:0,(anonymous_2)
FNDA:0,(anonymous_3)
FNDA:0,(anonymous_4)
FNDA:0,(anonymous_5)
FNDA:0,(anonymous_6)
FNDA:0,(anonymous_7)
FNDA:0,(anonymous_8)
FNDA:0,(anonymous_9)
FNDA:0,(anonymous_10)
FNDA:0,(anonymous_11)
FNDA:0,(anonymous_12)
FNDA:0,(anonymous_13)
FNDA:0,(anonymous_14)
FNDA:0,(anonymous_15)
FNDA:0,(anonymous_16)
FNDA:0,(anonymous_17)
FNDA:0,(anonymous_18)
FNDA:0,requestMicrophonePermission
FNDA:0,formatVoiceNoteDuration
DA:60,0
DA:61,0
DA:62,0
DA:63,0
DA:64,0
DA:65,0
DA:71,0
DA:72,0
DA:73,0
DA:75,0
DA:76,0
DA:84,0
DA:95,0
DA:96,0
DA:97,0
DA:100,0
DA:101,0
DA:102,0
DA:103,0
DA:104,0
DA:108,0
DA:118,0
DA:122,0
DA:123,0
DA:124,0
DA:127,0
DA:128,0
DA:129,0
DA:130,0
DA:134,0
DA:135,0
DA:137,0
DA:138,0
DA:150,0
DA:151,0
DA:154,0
DA:156,0
DA:157,0
DA:158,0
DA:162,0
DA:165,0
DA:166,0
DA:169,0
DA:170,0
DA:171,0
DA:177,0
DA:180,0
DA:181,0
DA:184,0
DA:185,0
DA:186,0
DA:189,0
DA:190,0
DA:191,0
DA:192,0
DA:196,0
DA:199,0
DA:200,0
DA:201,0
DA:203,0
DA:204,0
DA:205,0
DA:206,0
DA:211,0
DA:212,0
DA:215,0
DA:229,0
DA:249,0
DA:254,0
DA:255,0
DA:257,0
DA:266,0
DA:276,0
DA:286,0
DA:294,0
DA:295,0
DA:298,0
DA:307,0
DA:309,0
DA:310,0
DA:311,0
DA:312,0
DA:323,0
DA:325,0
DA:326,0
DA:327,0
DA:328,0
DA:331,0
DA:332,0
DA:333,0
DA:334,0
DA:337,0
DA:339,0
DA:340,0
DA:348,0
DA:350,0
DA:353,0
DA:358,0
DA:361,0
DA:362,0
DA:363,0
DA:367,0
DA:369,0
DA:370,0
DA:378,0
DA:379,0
DA:380,0
DA:381,0
DA:383,0
DA:385,0
DA:393,0
DA:400,0
DA:401,0
DA:419,0
DA:420,0
DA:438,0
DA:440,0
DA:443,0
DA:446,0
DA:448,0
DA:450,0
DA:451,0
DA:459,0
DA:460,0
DA:461,0
DA:462,0
DA:467,0
DA:471,0
DA:475,0
LF:129
LH:0
BRDA:95,0,0,0
BRDA:95,0,1,0
BRDA:102,1,0,0
BRDA:102,1,1,0
BRDA:127,2,0,0
BRDA:127,2,1,0
BRDA:150,3,0,0
BRDA:150,3,1,0
BRDA:150,4,0,0
BRDA:150,4,1,0
BRDA:156,5,0,0
BRDA:156,5,1,0
BRDA:166,6,0,0
BRDA:166,6,1,0
BRDA:170,7,0,0
BRDA:170,7,1,0
BRDA:191,8,0,0
BRDA:191,8,1,0
BRDA:212,9,0,0
BRDA:212,9,1,0
BRDA:218,10,0,0
BRDA:218,10,1,0
BRDA:219,11,0,0
BRDA:219,11,1,0
BRDA:232,12,0,0
BRDA:232,12,1,0
BRDA:233,13,0,0
BRDA:233,13,1,0
BRDA:314,14,0,0
BRDA:314,14,1,0
BRDA:323,15,0,0
BRDA:323,15,1,0
BRDA:323,16,0,0
BRDA:323,16,1,0
BRDA:326,17,0,0
BRDA:326,17,1,0
BRDA:333,18,0,0
BRDA:333,18,1,0
BRDA:362,19,0,0
BRDA:362,19,1,0
BRDA:362,20,0,0
BRDA:362,20,1,0
BRDA:378,21,0,0
BRDA:378,21,1,0
BRF:44
BRH:0
end_of_record
TN:
SF:src\stores\auth-store.ts
FN:97,(anonymous_0)
FN:104,(anonymous_1)
FN:111,(anonymous_2)
FN:126,(anonymous_3)
FN:142,(anonymous_4)
FN:148,(anonymous_5)
FN:150,(anonymous_6)
FN:159,(anonymous_7)
FN:219,(anonymous_8)
FN:263,(anonymous_9)
FN:265,(anonymous_10)
FN:286,(anonymous_11)
FN:318,(anonymous_12)
FN:335,(anonymous_13)
FN:361,(anonymous_14)
FN:369,(anonymous_15)
FN:372,(anonymous_16)
FN:387,(anonymous_17)
FN:392,(anonymous_18)
FN:397,(anonymous_19)
FN:402,(anonymous_20)
FN:407,(anonymous_21)
FNF:22
FNH:0
FNDA:0,(anonymous_0)
FNDA:0,(anonymous_1)
FNDA:0,(anonymous_2)
FNDA:0,(anonymous_3)
FNDA:0,(anonymous_4)
FNDA:0,(anonymous_5)
FNDA:0,(anonymous_6)
FNDA:0,(anonymous_7)
FNDA:0,(anonymous_8)
FNDA:0,(anonymous_9)
FNDA:0,(anonymous_10)
FNDA:0,(anonymous_11)
FNDA:0,(anonymous_12)
FNDA:0,(anonymous_13)
FNDA:0,(anonymous_14)
FNDA:0,(anonymous_15)
FNDA:0,(anonymous_16)
FNDA:0,(anonymous_17)
FNDA:0,(anonymous_18)
FNDA:0,(anonymous_19)
FNDA:0,(anonymous_20)
FNDA:0,(anonymous_21)
DA:96,0
DA:98,0
DA:99,0
DA:101,0
DA:105,0
DA:106,0
DA:108,0
DA:112,0
DA:113,0
DA:124,0
DA:126,0
DA:143,0
DA:148,0
DA:151,0
DA:152,0
DA:160,0
DA:162,0
DA:164,0
DA:166,0
DA:167,0
DA:168,0
DA:175,0
DA:176,0
DA:177,0
DA:178,0
DA:185,0
DA:188,0
DA:189,0
DA:193,0
DA:194,0
DA:197,0
DA:205,0
DA:210,0
DA:211,0
DA:212,0
DA:220,0
DA:222,0
DA:224,0
DA:225,0
DA:226,0
DA:227,0
DA:231,0
DA:234,0
DA:235,0
DA:239,0
DA:240,0
DA:243,0
DA:251,0
DA:253,0
DA:254,0
DA:255,0
DA:265,0
DA:270,0
DA:273,0
DA:287,0
DA:289,0
DA:290,0
DA:291,0
DA:295,0
DA:296,0
DA:297,0
DA:301,0
DA:302,0
DA:303,0
DA:304,0
DA:308,0
DA:315,0
DA:319,0
DA:320,0
DA:323,0
DA:324,0
DA:328,0
DA:329,0
DA:332,0
DA:336,0
DA:338,0
DA:340,0
DA:341,0
DA:343,0
DA:346,0
DA:348,0
DA:349,0
DA:362,0
DA:363,0
DA:364,0
DA:369,0
DA:372,0
DA:387,0
DA:392,0
DA:397,0
DA:402,0
DA:407,0
LF:92
LH:0
BRDA:166,0,0,0
BRDA:166,0,1,0
BRDA:166,1,0,0
BRDA:166,1,1,0
BRDA:170,2,0,0
BRDA:170,2,1,0
BRDA:176,3,0,0
BRDA:176,3,1,0
BRDA:188,4,0,0
BRDA:188,4,1,0
BRDA:214,5,0,0
BRDA:214,5,1,0
BRDA:225,6,0,0
BRDA:225,6,1,0
BRDA:234,7,0,0
BRDA:234,7,1,0
BRDA:289,8,0,0
BRDA:289,8,1,0
BRDA:295,9,0,0
BRDA:295,9,1,0
BRDA:302,10,0,0
BRDA:302,10,1,0
BRDA:320,11,0,0
BRDA:320,11,1,0
BRDA:324,12,0,0
BRDA:324,12,1,0
BRDA:363,13,0,0
BRDA:363,13,1,0
BRF:28
BRH:0
end_of_record
TN:
SF:src\stores\review-store.ts
FN:107,(anonymous_0)
FN:120,(anonymous_1)
FN:121,(anonymous_2)
FN:122,(anonymous_3)
FN:123,(anonymous_4)
FN:124,(anonymous_5)
FN:125,(anonymous_6)
FN:127,(anonymous_7)
FN:128,(anonymous_8)
FN:132,(anonymous_9)
FN:134,(anonymous_10)
FN:136,(anonymous_11)
FN:137,(anonymous_12)
FN:141,(anonymous_13)
FN:146,(anonymous_14)
FN:148,(anonymous_15)
FN:151,(anonymous_16)
FN:154,(anonymous_17)
FN:198,(anonymous_18)
FN:199,(anonymous_19)
FN:201,(anonymous_20)
FN:204,(anonymous_21)
FNF:22
FNH:0
FNDA:0,(anonymous_0)
FNDA:0,(anonymous_1)
FNDA:0,(anonymous_2)
FNDA:0,(anonymous_3)
FNDA:0,(anonymous_4)
FNDA:0,(anonymous_5)
FNDA:0,(anonymous_6)
FNDA:0,(anonymous_7)
FNDA:0,(anonymous_8)
FNDA:0,(anonymous_9)
FNDA:0,(anonymous_10)
FNDA:0,(anonymous_11)
FNDA:0,(anonymous_12)
FNDA:0,(anonymous_13)
FNDA:0,(anonymous_14)
FNDA:0,(anonymous_15)
FNDA:0,(anonymous_16)
FNDA:0,(anonymous_17)
FNDA:0,(anonymous_18)
FNDA:0,(anonymous_19)
FNDA:0,(anonymous_20)
FNDA:0,(anonymous_21)
DA:88,0
DA:96,0
DA:107,0
DA:120,0
DA:121,0
DA:122,0
DA:123,0
DA:124,0
DA:125,0
DA:128,0
DA:132,0
DA:134,0
DA:137,0
DA:138,0
DA:139,0
DA:141,0
DA:146,0
DA:148,0
DA:152,0
DA:154,0
DA:156,0
DA:157,0
DA:161,0
DA:162,0
DA:166,0
DA:167,0
DA:168,0
DA:169,0
DA:172,0
DA:173,0
DA:174,0
DA:175,0
DA:179,0
DA:180,0
DA:181,0
DA:182,0
DA:183,0
DA:184,0
DA:185,0
DA:189,0
DA:198,0
DA:199,0
DA:201,0
DA:202,0
DA:204,0
DA:205,0
LF:46
LH:0
BRDA:140,0,0,0
BRDA:140,0,1,0
BRDA:156,1,0,0
BRDA:156,1,1,0
BRDA:156,2,0,0
BRDA:156,2,1,0
BRDA:161,3,0,0
BRDA:161,3,1,0
BRDA:161,4,0,0
BRDA:161,4,1,0
BRDA:166,5,0,0
BRDA:166,5,1,0
BRDA:169,6,0,0
BRDA:169,6,1,0
BRDA:172,7,0,0
BRDA:172,7,1,0
BRDA:175,8,0,0
BRDA:175,8,1,0
BRDA:179,9,0,0
BRDA:179,9,1,0
BRDA:184,10,0,0
BRDA:184,10,1,0
BRDA:184,11,0,0
BRDA:184,11,1,0
BRDA:184,11,2,0
BRF:25
BRH:0
end_of_record
